#
# There is insufficient memory for the Java Runtime Environment to continue.
# Native memory allocation (malloc) failed to allocate 2011344 bytes for Chunk::new
# Possible reasons:
#   The system is out of physical RAM or swap space
#   The process is running with CompressedOops enabled, and the Java Heap may be blocking the growth of the native heap
# Possible solutions:
#   Reduce memory load on the system
#   Increase physical memory or swap space
#   Check if swap backing store is full
#   Decrease Java heap size (-Xmx/-Xms)
#   Decrease number of Java threads
#   Decrease Java thread stack sizes (-Xss)
#   Set larger code cache with -XX:ReservedCodeCacheSize=
#   JVM is running with Unscaled Compressed Oops mode in which the Java heap is
#     placed in the first 4GB address space. The Java Heap base address is the
#     maximum limit for the native heap growth. Please use -XX:HeapBaseMinAddress
#     to set the Java Heap base and to place the Java Heap above 4GB virtual address.
# This output file may be truncated or incomplete.
#
#  Out of Memory Error (arena.cpp:189), pid=23108, tid=36332
#
# JRE version: Java(TM) SE Runtime Environment (17.0.11+7) (build 17.0.11+7-LTS-207)
# Java VM: Java HotSpot(TM) 64-Bit Server VM (17.0.11+7-LTS-207, mixed mode, sharing, tiered, compressed oops, compressed class ptrs, g1 gc, windows-amd64)
# No core dump will be written. Minidumps are not enabled by default on client versions of Windows
#

---------------  S U M M A R Y ------------

Command Line: -XX:MaxMetaspaceSize=512m --add-opens=java.base/java.util=ALL-UNNAMED --add-opens=java.base/java.lang=ALL-UNNAMED --add-opens=java.base/java.lang.invoke=ALL-UNNAMED --add-opens=java.prefs/java.util.prefs=ALL-UNNAMED --add-opens=java.base/java.nio.charset=ALL-UNNAMED --add-opens=java.base/java.net=ALL-UNNAMED --add-opens=java.base/java.util.concurrent.atomic=ALL-UNNAMED -Xmx2048m -Dfile.encoding=windows-1252 -Duser.country=US -Duser.language=en -Duser.variant -javaagent:C:\Users\Dave Christian Thio\.gradle\wrapper\dists\gradle-8.5-all\3zlzzgtsutfj0pbojr50n2l7z\gradle-8.5\lib\agents\gradle-instrumentation-agent-8.5.jar org.gradle.launcher.daemon.bootstrap.GradleDaemon 8.5

Host: 12th Gen Intel(R) Core(TM) i7-12700H, 20 cores, 15G,  Windows 11 , 64 bit Build 22621 (10.0.22621.3527)
Time: Thu May 23 22:01:05 2024 SE Asia Standard Time elapsed time: 1.681982 seconds (0d 0h 0m 1s)

---------------  T H R E A D  ---------------

Current thread (0x000001d174dd3d00):  JavaThread "C2 CompilerThread1" daemon [_thread_in_native, id=36332, stack(0x0000002d73a00000,0x0000002d73b00000)]


Current CompileTask:
C2:   1682 2581   !   4       java.net.URLClassLoader::findClass (47 bytes)

Stack: [0x0000002d73a00000,0x0000002d73b00000]
Native frames: (J=compiled Java code, j=interpreted, Vv=VM code, C=native code)
V  [jvm.dll+0x679cca]
V  [jvm.dll+0x7da13d]
V  [jvm.dll+0x7dba83]
V  [jvm.dll+0x7dc0f3]
V  [jvm.dll+0x2449af]
V  [jvm.dll+0xab83b]
V  [jvm.dll+0xabe1c]
V  [jvm.dll+0x3615ae]
V  [jvm.dll+0x32bd61]
V  [jvm.dll+0x32b1fa]
V  [jvm.dll+0x2161df]
V  [jvm.dll+0x21560f]
V  [jvm.dll+0x1a2040]
V  [jvm.dll+0x225a2b]
V  [jvm.dll+0x223bcb]
V  [jvm.dll+0x7903ec]
V  [jvm.dll+0x78a85a]
V  [jvm.dll+0x678bb5]
C  [ucrtbase.dll+0x29333]
C  [KERNEL32.DLL+0x1257d]
C  [ntdll.dll+0x5aa48]


---------------  P R O C E S S  ---------------

Threads class SMR info:
_java_thread_list=0x000001d17c30e110, length=29, elements={
0x000001d15594f230, 0x000001d174b7b090, 0x000001d174b7be20, 0x000001d174b92810,
0x000001d174b951f0, 0x000001d174b95ac0, 0x000001d174b96390, 0x000001d174b97040,
0x000001d174ba8760, 0x000001d174bab490, 0x000001d174b63a40, 0x000001d174d4b300,
0x000001d174d4b8d0, 0x000001d174d4bf60, 0x000001d174dd3d00, 0x000001d174e7fac0,
0x000001d17b28ece0, 0x000001d17b3e5f40, 0x000001d17b3c34b0, 0x000001d17a455330,
0x000001d17b132930, 0x000001d17a2765f0, 0x000001d17a273350, 0x000001d17a273860,
0x000001d17a274280, 0x000001d17a276b00, 0x000001d17a2760e0, 0x000001d17a275bd0,
0x000001d17ba5f2c0
}

Java Threads: ( => current thread )
  0x000001d15594f230 JavaThread "main" [_thread_blocked, id=29904, stack(0x0000002d72600000,0x0000002d72700000)]
  0x000001d174b7b090 JavaThread "Reference Handler" daemon [_thread_blocked, id=36640, stack(0x0000002d72d00000,0x0000002d72e00000)]
  0x000001d174b7be20 JavaThread "Finalizer" daemon [_thread_blocked, id=34228, stack(0x0000002d72e00000,0x0000002d72f00000)]
  0x000001d174b92810 JavaThread "Signal Dispatcher" daemon [_thread_blocked, id=16756, stack(0x0000002d72f00000,0x0000002d73000000)]
  0x000001d174b951f0 JavaThread "Attach Listener" daemon [_thread_blocked, id=14712, stack(0x0000002d73000000,0x0000002d73100000)]
  0x000001d174b95ac0 JavaThread "Service Thread" daemon [_thread_blocked, id=8460, stack(0x0000002d73100000,0x0000002d73200000)]
  0x000001d174b96390 JavaThread "Monitor Deflation Thread" daemon [_thread_blocked, id=27628, stack(0x0000002d73200000,0x0000002d73300000)]
  0x000001d174b97040 JavaThread "C2 CompilerThread0" daemon [_thread_in_native, id=14032, stack(0x0000002d73300000,0x0000002d73400000)]
  0x000001d174ba8760 JavaThread "C1 CompilerThread0" daemon [_thread_blocked, id=19732, stack(0x0000002d73400000,0x0000002d73500000)]
  0x000001d174bab490 JavaThread "Sweeper thread" daemon [_thread_blocked, id=32828, stack(0x0000002d73500000,0x0000002d73600000)]
  0x000001d174b63a40 JavaThread "Common-Cleaner" daemon [_thread_blocked, id=36452, stack(0x0000002d73600000,0x0000002d73700000)]
  0x000001d174d4b300 JavaThread "C1 CompilerThread1" daemon [_thread_blocked, id=35136, stack(0x0000002d73700000,0x0000002d73800000)]
  0x000001d174d4b8d0 JavaThread "C1 CompilerThread2" daemon [_thread_blocked, id=20144, stack(0x0000002d73800000,0x0000002d73900000)]
  0x000001d174d4bf60 JavaThread "C1 CompilerThread3" daemon [_thread_blocked, id=12128, stack(0x0000002d73900000,0x0000002d73a00000)]
=>0x000001d174dd3d00 JavaThread "C2 CompilerThread1" daemon [_thread_in_native, id=36332, stack(0x0000002d73a00000,0x0000002d73b00000)]
  0x000001d174e7fac0 JavaThread "Notification Thread" daemon [_thread_blocked, id=35572, stack(0x0000002d73b00000,0x0000002d73c00000)]
  0x000001d17b28ece0 JavaThread "Daemon health stats" [_thread_blocked, id=10412, stack(0x0000002d74200000,0x0000002d74300000)]
  0x000001d17b3e5f40 JavaThread "Incoming local TCP Connector on port 56306" [_thread_in_native, id=17444, stack(0x0000002d74300000,0x0000002d74400000)]
  0x000001d17b3c34b0 JavaThread "Daemon periodic checks" [_thread_blocked, id=30792, stack(0x0000002d74400000,0x0000002d74500000)]
  0x000001d17a455330 JavaThread "Daemon" [_thread_blocked, id=36004, stack(0x0000002d74500000,0x0000002d74600000)]
  0x000001d17b132930 JavaThread "Handler for socket connection from /127.0.0.1:56306 to /127.0.0.1:56307" [_thread_in_native, id=33904, stack(0x0000002d74600000,0x0000002d74700000)]
  0x000001d17a2765f0 JavaThread "Cancel handler" [_thread_blocked, id=33736, stack(0x0000002d74700000,0x0000002d74800000)]
  0x000001d17a273350 JavaThread "Daemon worker" [_thread_in_vm, id=24440, stack(0x0000002d74800000,0x0000002d74900000)]
  0x000001d17a273860 JavaThread "Asynchronous log dispatcher for DefaultDaemonConnection: socket connection from /127.0.0.1:56306 to /127.0.0.1:56307" [_thread_blocked, id=17708, stack(0x0000002d74900000,0x0000002d74a00000)]
  0x000001d17a274280 JavaThread "Stdin handler" [_thread_blocked, id=22312, stack(0x0000002d74a00000,0x0000002d74b00000)]
  0x000001d17a276b00 JavaThread "Daemon client event forwarder" [_thread_blocked, id=20892, stack(0x0000002d74b00000,0x0000002d74c00000)]
  0x000001d17a2760e0 JavaThread "Cache worker for journal cache (C:\Users\Dave Christian Thio\.gradle\caches\journal-1)" [_thread_blocked, id=31888, stack(0x0000002d74c00000,0x0000002d74d00000)]
  0x000001d17a275bd0 JavaThread "File lock request listener" [_thread_in_native, id=31500, stack(0x0000002d74d00000,0x0000002d74e00000)]
  0x000001d17ba5f2c0 JavaThread "Cache worker for file hash cache (C:\Users\Dave Christian Thio\.gradle\caches\8.5\fileHashes)" [_thread_blocked, id=18328, stack(0x0000002d74e00000,0x0000002d74f00000)]

Other Threads:
  0x000001d174b76570 VMThread "VM Thread" [stack: 0x0000002d72c00000,0x0000002d72d00000] [id=35792]
  0x000001d155a01480 WatcherThread [stack: 0x0000002d73c00000,0x0000002d73d00000] [id=21756]
  0x000001d1559ac4e0 GCTaskThread "GC Thread#0" [stack: 0x0000002d72700000,0x0000002d72800000] [id=14492]
  0x000001d179be5eb0 GCTaskThread "GC Thread#1" [stack: 0x0000002d73d00000,0x0000002d73e00000] [id=17924]
  0x000001d179be6170 GCTaskThread "GC Thread#2" [stack: 0x0000002d73e00000,0x0000002d73f00000] [id=9368]
  0x000001d17a304920 GCTaskThread "GC Thread#3" [stack: 0x0000002d73f00000,0x0000002d74000000] [id=4808]
  0x000001d17a304be0 GCTaskThread "GC Thread#4" [stack: 0x0000002d74000000,0x0000002d74100000] [id=36816]
  0x000001d179b9e800 GCTaskThread "GC Thread#5" [stack: 0x0000002d74100000,0x0000002d74200000] [id=30004]
  0x000001d1559bd340 ConcurrentGCThread "G1 Main Marker" [stack: 0x0000002d72800000,0x0000002d72900000] [id=23632]
  0x000001d1559bdc60 ConcurrentGCThread "G1 Conc#0" [stack: 0x0000002d72900000,0x0000002d72a00000] [id=34524]
  0x000001d155a0ec70 ConcurrentGCThread "G1 Refine#0" [stack: 0x0000002d72a00000,0x0000002d72b00000] [id=36492]
  0x000001d174ab0c60 ConcurrentGCThread "G1 Service" [stack: 0x0000002d72b00000,0x0000002d72c00000] [id=24892]

Threads with active compile tasks:
C2 CompilerThread0     1695 2582       4       java.net.URLClassLoader$1::run (5 bytes)
C2 CompilerThread1     1695 2581   !   4       java.net.URLClassLoader::findClass (47 bytes)

VM state: not at safepoint (normal execution)

VM Mutex/Monitor currently owned by a thread: None

Heap address: 0x0000000080000000, size: 2048 MB, Compressed Oops mode: 32-bit

CDS archive(s) mapped at: [0x000001d100000000-0x000001d100bd0000-0x000001d100bd0000), size 12386304, SharedBaseAddress: 0x000001d100000000, ArchiveRelocationMode: 1.
Compressed class space mapped at: 0x000001d101000000-0x000001d11b000000, reserved size: 436207616
Narrow klass base: 0x000001d100000000, Narrow klass shift: 0, Narrow klass range: 0x100000000

GC Precious Log:
 CPUs: 20 total, 20 available
 Memory: 16108M
 Large Page Support: Disabled
 NUMA Support: Disabled
 Compressed Oops: Enabled (32-bit)
 Heap Region Size: 1M
 Heap Min Capacity: 8M
 Heap Initial Capacity: 252M
 Heap Max Capacity: 2G
 Pre-touch: Disabled
 Parallel Workers: 15
 Concurrent Workers: 4
 Concurrent Refinement Workers: 15
 Periodic GC: Disabled

Heap:
 garbage-first heap   total 258048K, used 114013K [0x0000000080000000, 0x0000000100000000)
  region size 1024K, 101 young (103424K), 1 survivors (1024K)
 Metaspace       used 18511K, committed 18816K, reserved 491520K
  class space    used 2669K, committed 2816K, reserved 425984K

Heap Regions: E=young(eden), S=young(survivor), O=old, HS=humongous(starts), HC=humongous(continues), CS=collection set, F=free, OA=open archive, CA=closed archive, TAMS=top-at-mark-start (previous, next)
|   0|0x0000000080000000, 0x0000000080100000, 0x0000000080100000|100%|HS|  |TAMS 0x0000000080000000, 0x0000000080000000| Complete 
|   1|0x0000000080100000, 0x0000000080200000, 0x0000000080200000|100%|HC|  |TAMS 0x0000000080100000, 0x0000000080100000| Complete 
|   2|0x0000000080200000, 0x0000000080300000, 0x0000000080300000|100%|HC|  |TAMS 0x0000000080200000, 0x0000000080200000| Complete 
|   3|0x0000000080300000, 0x0000000080400000, 0x0000000080400000|100%|HC|  |TAMS 0x0000000080300000, 0x0000000080300000| Complete 
|   4|0x0000000080400000, 0x0000000080500000, 0x0000000080500000|100%| O|  |TAMS 0x0000000080400000, 0x0000000080400000| Untracked 
|   5|0x0000000080500000, 0x0000000080600000, 0x0000000080600000|100%| O|  |TAMS 0x0000000080500000, 0x0000000080500000| Untracked 
|   6|0x0000000080600000, 0x0000000080700000, 0x0000000080700000|100%| O|  |TAMS 0x0000000080600000, 0x0000000080600000| Untracked 
|   7|0x0000000080700000, 0x0000000080800000, 0x0000000080800000|100%| O|  |TAMS 0x0000000080700000, 0x0000000080700000| Untracked 
|   8|0x0000000080800000, 0x0000000080900000, 0x0000000080900000|100%| O|  |TAMS 0x0000000080800000, 0x0000000080800000| Untracked 
|   9|0x0000000080900000, 0x0000000080a00000, 0x0000000080a00000|100%| O|  |TAMS 0x0000000080900000, 0x0000000080900000| Untracked 
|  10|0x0000000080a00000, 0x0000000080a6a600, 0x0000000080b00000| 41%| O|  |TAMS 0x0000000080a00000, 0x0000000080a00000| Untracked 
|  11|0x0000000080b00000, 0x0000000080c00000, 0x0000000080c00000|100%|HS|  |TAMS 0x0000000080b00000, 0x0000000080b00000| Complete 
|  12|0x0000000080c00000, 0x0000000080c00000, 0x0000000080d00000|  0%| F|  |TAMS 0x0000000080c00000, 0x0000000080c00000| Untracked 
|  13|0x0000000080d00000, 0x0000000080d00000, 0x0000000080e00000|  0%| F|  |TAMS 0x0000000080d00000, 0x0000000080d00000| Untracked 
|  14|0x0000000080e00000, 0x0000000080e00000, 0x0000000080f00000|  0%| F|  |TAMS 0x0000000080e00000, 0x0000000080e00000| Untracked 
|  15|0x0000000080f00000, 0x0000000080f00000, 0x0000000081000000|  0%| F|  |TAMS 0x0000000080f00000, 0x0000000080f00000| Untracked 
|  16|0x0000000081000000, 0x0000000081000000, 0x0000000081100000|  0%| F|  |TAMS 0x0000000081000000, 0x0000000081000000| Untracked 
|  17|0x0000000081100000, 0x0000000081100000, 0x0000000081200000|  0%| F|  |TAMS 0x0000000081100000, 0x0000000081100000| Untracked 
|  18|0x0000000081200000, 0x0000000081200000, 0x0000000081300000|  0%| F|  |TAMS 0x0000000081200000, 0x0000000081200000| Untracked 
|  19|0x0000000081300000, 0x0000000081300000, 0x0000000081400000|  0%| F|  |TAMS 0x0000000081300000, 0x0000000081300000| Untracked 
|  20|0x0000000081400000, 0x0000000081400000, 0x0000000081500000|  0%| F|  |TAMS 0x0000000081400000, 0x0000000081400000| Untracked 
|  21|0x0000000081500000, 0x0000000081500000, 0x0000000081600000|  0%| F|  |TAMS 0x0000000081500000, 0x0000000081500000| Untracked 
|  22|0x0000000081600000, 0x0000000081600000, 0x0000000081700000|  0%| F|  |TAMS 0x0000000081600000, 0x0000000081600000| Untracked 
|  23|0x0000000081700000, 0x0000000081700000, 0x0000000081800000|  0%| F|  |TAMS 0x0000000081700000, 0x0000000081700000| Untracked 
|  24|0x0000000081800000, 0x0000000081800000, 0x0000000081900000|  0%| F|  |TAMS 0x0000000081800000, 0x0000000081800000| Untracked 
|  25|0x0000000081900000, 0x0000000081900000, 0x0000000081a00000|  0%| F|  |TAMS 0x0000000081900000, 0x0000000081900000| Untracked 
|  26|0x0000000081a00000, 0x0000000081a00000, 0x0000000081b00000|  0%| F|  |TAMS 0x0000000081a00000, 0x0000000081a00000| Untracked 
|  27|0x0000000081b00000, 0x0000000081b00000, 0x0000000081c00000|  0%| F|  |TAMS 0x0000000081b00000, 0x0000000081b00000| Untracked 
|  28|0x0000000081c00000, 0x0000000081c00000, 0x0000000081d00000|  0%| F|  |TAMS 0x0000000081c00000, 0x0000000081c00000| Untracked 
|  29|0x0000000081d00000, 0x0000000081d00000, 0x0000000081e00000|  0%| F|  |TAMS 0x0000000081d00000, 0x0000000081d00000| Untracked 
|  30|0x0000000081e00000, 0x0000000081e00000, 0x0000000081f00000|  0%| F|  |TAMS 0x0000000081e00000, 0x0000000081e00000| Untracked 
|  31|0x0000000081f00000, 0x0000000081f00000, 0x0000000082000000|  0%| F|  |TAMS 0x0000000081f00000, 0x0000000081f00000| Untracked 
|  32|0x0000000082000000, 0x0000000082000000, 0x0000000082100000|  0%| F|  |TAMS 0x0000000082000000, 0x0000000082000000| Untracked 
|  33|0x0000000082100000, 0x0000000082100000, 0x0000000082200000|  0%| F|  |TAMS 0x0000000082100000, 0x0000000082100000| Untracked 
|  34|0x0000000082200000, 0x0000000082200000, 0x0000000082300000|  0%| F|  |TAMS 0x0000000082200000, 0x0000000082200000| Untracked 
|  35|0x0000000082300000, 0x0000000082300000, 0x0000000082400000|  0%| F|  |TAMS 0x0000000082300000, 0x0000000082300000| Untracked 
|  36|0x0000000082400000, 0x0000000082400000, 0x0000000082500000|  0%| F|  |TAMS 0x0000000082400000, 0x0000000082400000| Untracked 
|  37|0x0000000082500000, 0x0000000082500000, 0x0000000082600000|  0%| F|  |TAMS 0x0000000082500000, 0x0000000082500000| Untracked 
|  38|0x0000000082600000, 0x0000000082600000, 0x0000000082700000|  0%| F|  |TAMS 0x0000000082600000, 0x0000000082600000| Untracked 
|  39|0x0000000082700000, 0x0000000082700000, 0x0000000082800000|  0%| F|  |TAMS 0x0000000082700000, 0x0000000082700000| Untracked 
|  40|0x0000000082800000, 0x0000000082800000, 0x0000000082900000|  0%| F|  |TAMS 0x0000000082800000, 0x0000000082800000| Untracked 
|  41|0x0000000082900000, 0x0000000082900000, 0x0000000082a00000|  0%| F|  |TAMS 0x0000000082900000, 0x0000000082900000| Untracked 
|  42|0x0000000082a00000, 0x0000000082a00000, 0x0000000082b00000|  0%| F|  |TAMS 0x0000000082a00000, 0x0000000082a00000| Untracked 
|  43|0x0000000082b00000, 0x0000000082b00000, 0x0000000082c00000|  0%| F|  |TAMS 0x0000000082b00000, 0x0000000082b00000| Untracked 
|  44|0x0000000082c00000, 0x0000000082c00000, 0x0000000082d00000|  0%| F|  |TAMS 0x0000000082c00000, 0x0000000082c00000| Untracked 
|  45|0x0000000082d00000, 0x0000000082d00000, 0x0000000082e00000|  0%| F|  |TAMS 0x0000000082d00000, 0x0000000082d00000| Untracked 
|  46|0x0000000082e00000, 0x0000000082e00000, 0x0000000082f00000|  0%| F|  |TAMS 0x0000000082e00000, 0x0000000082e00000| Untracked 
|  47|0x0000000082f00000, 0x0000000082f00000, 0x0000000083000000|  0%| F|  |TAMS 0x0000000082f00000, 0x0000000082f00000| Untracked 
|  48|0x0000000083000000, 0x0000000083000000, 0x0000000083100000|  0%| F|  |TAMS 0x0000000083000000, 0x0000000083000000| Untracked 
|  49|0x0000000083100000, 0x0000000083100000, 0x0000000083200000|  0%| F|  |TAMS 0x0000000083100000, 0x0000000083100000| Untracked 
|  50|0x0000000083200000, 0x0000000083200000, 0x0000000083300000|  0%| F|  |TAMS 0x0000000083200000, 0x0000000083200000| Untracked 
|  51|0x0000000083300000, 0x0000000083300000, 0x0000000083400000|  0%| F|  |TAMS 0x0000000083300000, 0x0000000083300000| Untracked 
|  52|0x0000000083400000, 0x0000000083400000, 0x0000000083500000|  0%| F|  |TAMS 0x0000000083400000, 0x0000000083400000| Untracked 
|  53|0x0000000083500000, 0x0000000083500000, 0x0000000083600000|  0%| F|  |TAMS 0x0000000083500000, 0x0000000083500000| Untracked 
|  54|0x0000000083600000, 0x0000000083600000, 0x0000000083700000|  0%| F|  |TAMS 0x0000000083600000, 0x0000000083600000| Untracked 
|  55|0x0000000083700000, 0x0000000083700000, 0x0000000083800000|  0%| F|  |TAMS 0x0000000083700000, 0x0000000083700000| Untracked 
|  56|0x0000000083800000, 0x0000000083800000, 0x0000000083900000|  0%| F|  |TAMS 0x0000000083800000, 0x0000000083800000| Untracked 
|  57|0x0000000083900000, 0x0000000083900000, 0x0000000083a00000|  0%| F|  |TAMS 0x0000000083900000, 0x0000000083900000| Untracked 
|  58|0x0000000083a00000, 0x0000000083a00000, 0x0000000083b00000|  0%| F|  |TAMS 0x0000000083a00000, 0x0000000083a00000| Untracked 
|  59|0x0000000083b00000, 0x0000000083b00000, 0x0000000083c00000|  0%| F|  |TAMS 0x0000000083b00000, 0x0000000083b00000| Untracked 
|  60|0x0000000083c00000, 0x0000000083c00000, 0x0000000083d00000|  0%| F|  |TAMS 0x0000000083c00000, 0x0000000083c00000| Untracked 
|  61|0x0000000083d00000, 0x0000000083d00000, 0x0000000083e00000|  0%| F|  |TAMS 0x0000000083d00000, 0x0000000083d00000| Untracked 
|  62|0x0000000083e00000, 0x0000000083e00000, 0x0000000083f00000|  0%| F|  |TAMS 0x0000000083e00000, 0x0000000083e00000| Untracked 
|  63|0x0000000083f00000, 0x0000000083f00000, 0x0000000084000000|  0%| F|  |TAMS 0x0000000083f00000, 0x0000000083f00000| Untracked 
|  64|0x0000000084000000, 0x0000000084000000, 0x0000000084100000|  0%| F|  |TAMS 0x0000000084000000, 0x0000000084000000| Untracked 
|  65|0x0000000084100000, 0x0000000084100000, 0x0000000084200000|  0%| F|  |TAMS 0x0000000084100000, 0x0000000084100000| Untracked 
|  66|0x0000000084200000, 0x0000000084200000, 0x0000000084300000|  0%| F|  |TAMS 0x0000000084200000, 0x0000000084200000| Untracked 
|  67|0x0000000084300000, 0x0000000084300000, 0x0000000084400000|  0%| F|  |TAMS 0x0000000084300000, 0x0000000084300000| Untracked 
|  68|0x0000000084400000, 0x0000000084400000, 0x0000000084500000|  0%| F|  |TAMS 0x0000000084400000, 0x0000000084400000| Untracked 
|  69|0x0000000084500000, 0x0000000084500000, 0x0000000084600000|  0%| F|  |TAMS 0x0000000084500000, 0x0000000084500000| Untracked 
|  70|0x0000000084600000, 0x0000000084600000, 0x0000000084700000|  0%| F|  |TAMS 0x0000000084600000, 0x0000000084600000| Untracked 
|  71|0x0000000084700000, 0x0000000084700000, 0x0000000084800000|  0%| F|  |TAMS 0x0000000084700000, 0x0000000084700000| Untracked 
|  72|0x0000000084800000, 0x0000000084800000, 0x0000000084900000|  0%| F|  |TAMS 0x0000000084800000, 0x0000000084800000| Untracked 
|  73|0x0000000084900000, 0x0000000084900000, 0x0000000084a00000|  0%| F|  |TAMS 0x0000000084900000, 0x0000000084900000| Untracked 
|  74|0x0000000084a00000, 0x0000000084a00000, 0x0000000084b00000|  0%| F|  |TAMS 0x0000000084a00000, 0x0000000084a00000| Untracked 
|  75|0x0000000084b00000, 0x0000000084b00000, 0x0000000084c00000|  0%| F|  |TAMS 0x0000000084b00000, 0x0000000084b00000| Untracked 
|  76|0x0000000084c00000, 0x0000000084c00000, 0x0000000084d00000|  0%| F|  |TAMS 0x0000000084c00000, 0x0000000084c00000| Untracked 
|  77|0x0000000084d00000, 0x0000000084d00000, 0x0000000084e00000|  0%| F|  |TAMS 0x0000000084d00000, 0x0000000084d00000| Untracked 
|  78|0x0000000084e00000, 0x0000000084e00000, 0x0000000084f00000|  0%| F|  |TAMS 0x0000000084e00000, 0x0000000084e00000| Untracked 
|  79|0x0000000084f00000, 0x0000000084f00000, 0x0000000085000000|  0%| F|  |TAMS 0x0000000084f00000, 0x0000000084f00000| Untracked 
|  80|0x0000000085000000, 0x0000000085000000, 0x0000000085100000|  0%| F|  |TAMS 0x0000000085000000, 0x0000000085000000| Untracked 
|  81|0x0000000085100000, 0x0000000085100000, 0x0000000085200000|  0%| F|  |TAMS 0x0000000085100000, 0x0000000085100000| Untracked 
|  82|0x0000000085200000, 0x0000000085200000, 0x0000000085300000|  0%| F|  |TAMS 0x0000000085200000, 0x0000000085200000| Untracked 
|  83|0x0000000085300000, 0x0000000085300000, 0x0000000085400000|  0%| F|  |TAMS 0x0000000085300000, 0x0000000085300000| Untracked 
|  84|0x0000000085400000, 0x0000000085400000, 0x0000000085500000|  0%| F|  |TAMS 0x0000000085400000, 0x0000000085400000| Untracked 
|  85|0x0000000085500000, 0x0000000085500000, 0x0000000085600000|  0%| F|  |TAMS 0x0000000085500000, 0x0000000085500000| Untracked 
|  86|0x0000000085600000, 0x0000000085600000, 0x0000000085700000|  0%| F|  |TAMS 0x0000000085600000, 0x0000000085600000| Untracked 
|  87|0x0000000085700000, 0x0000000085700000, 0x0000000085800000|  0%| F|  |TAMS 0x0000000085700000, 0x0000000085700000| Untracked 
|  88|0x0000000085800000, 0x0000000085800000, 0x0000000085900000|  0%| F|  |TAMS 0x0000000085800000, 0x0000000085800000| Untracked 
|  89|0x0000000085900000, 0x0000000085900000, 0x0000000085a00000|  0%| F|  |TAMS 0x0000000085900000, 0x0000000085900000| Untracked 
|  90|0x0000000085a00000, 0x0000000085a00000, 0x0000000085b00000|  0%| F|  |TAMS 0x0000000085a00000, 0x0000000085a00000| Untracked 
|  91|0x0000000085b00000, 0x0000000085b00000, 0x0000000085c00000|  0%| F|  |TAMS 0x0000000085b00000, 0x0000000085b00000| Untracked 
|  92|0x0000000085c00000, 0x0000000085c00000, 0x0000000085d00000|  0%| F|  |TAMS 0x0000000085c00000, 0x0000000085c00000| Untracked 
|  93|0x0000000085d00000, 0x0000000085d00000, 0x0000000085e00000|  0%| F|  |TAMS 0x0000000085d00000, 0x0000000085d00000| Untracked 
|  94|0x0000000085e00000, 0x0000000085e00000, 0x0000000085f00000|  0%| F|  |TAMS 0x0000000085e00000, 0x0000000085e00000| Untracked 
|  95|0x0000000085f00000, 0x0000000085f00000, 0x0000000086000000|  0%| F|  |TAMS 0x0000000085f00000, 0x0000000085f00000| Untracked 
|  96|0x0000000086000000, 0x0000000086000000, 0x0000000086100000|  0%| F|  |TAMS 0x0000000086000000, 0x0000000086000000| Untracked 
|  97|0x0000000086100000, 0x0000000086100000, 0x0000000086200000|  0%| F|  |TAMS 0x0000000086100000, 0x0000000086100000| Untracked 
|  98|0x0000000086200000, 0x0000000086200000, 0x0000000086300000|  0%| F|  |TAMS 0x0000000086200000, 0x0000000086200000| Untracked 
|  99|0x0000000086300000, 0x0000000086300000, 0x0000000086400000|  0%| F|  |TAMS 0x0000000086300000, 0x0000000086300000| Untracked 
| 100|0x0000000086400000, 0x0000000086400000, 0x0000000086500000|  0%| F|  |TAMS 0x0000000086400000, 0x0000000086400000| Untracked 
| 101|0x0000000086500000, 0x0000000086500000, 0x0000000086600000|  0%| F|  |TAMS 0x0000000086500000, 0x0000000086500000| Untracked 
| 102|0x0000000086600000, 0x0000000086600000, 0x0000000086700000|  0%| F|  |TAMS 0x0000000086600000, 0x0000000086600000| Untracked 
| 103|0x0000000086700000, 0x0000000086700000, 0x0000000086800000|  0%| F|  |TAMS 0x0000000086700000, 0x0000000086700000| Untracked 
| 104|0x0000000086800000, 0x0000000086800000, 0x0000000086900000|  0%| F|  |TAMS 0x0000000086800000, 0x0000000086800000| Untracked 
| 105|0x0000000086900000, 0x0000000086900000, 0x0000000086a00000|  0%| F|  |TAMS 0x0000000086900000, 0x0000000086900000| Untracked 
| 106|0x0000000086a00000, 0x0000000086a00000, 0x0000000086b00000|  0%| F|  |TAMS 0x0000000086a00000, 0x0000000086a00000| Untracked 
| 107|0x0000000086b00000, 0x0000000086b00000, 0x0000000086c00000|  0%| F|  |TAMS 0x0000000086b00000, 0x0000000086b00000| Untracked 
| 108|0x0000000086c00000, 0x0000000086c00000, 0x0000000086d00000|  0%| F|  |TAMS 0x0000000086c00000, 0x0000000086c00000| Untracked 
| 109|0x0000000086d00000, 0x0000000086d00000, 0x0000000086e00000|  0%| F|  |TAMS 0x0000000086d00000, 0x0000000086d00000| Untracked 
| 110|0x0000000086e00000, 0x0000000086e00000, 0x0000000086f00000|  0%| F|  |TAMS 0x0000000086e00000, 0x0000000086e00000| Untracked 
| 111|0x0000000086f00000, 0x0000000086f00000, 0x0000000087000000|  0%| F|  |TAMS 0x0000000086f00000, 0x0000000086f00000| Untracked 
| 112|0x0000000087000000, 0x0000000087000000, 0x0000000087100000|  0%| F|  |TAMS 0x0000000087000000, 0x0000000087000000| Untracked 
| 113|0x0000000087100000, 0x0000000087100000, 0x0000000087200000|  0%| F|  |TAMS 0x0000000087100000, 0x0000000087100000| Untracked 
| 114|0x0000000087200000, 0x0000000087200000, 0x0000000087300000|  0%| F|  |TAMS 0x0000000087200000, 0x0000000087200000| Untracked 
| 115|0x0000000087300000, 0x0000000087300000, 0x0000000087400000|  0%| F|  |TAMS 0x0000000087300000, 0x0000000087300000| Untracked 
| 116|0x0000000087400000, 0x0000000087400000, 0x0000000087500000|  0%| F|  |TAMS 0x0000000087400000, 0x0000000087400000| Untracked 
| 117|0x0000000087500000, 0x0000000087500000, 0x0000000087600000|  0%| F|  |TAMS 0x0000000087500000, 0x0000000087500000| Untracked 
| 118|0x0000000087600000, 0x0000000087600000, 0x0000000087700000|  0%| F|  |TAMS 0x0000000087600000, 0x0000000087600000| Untracked 
| 119|0x0000000087700000, 0x0000000087700000, 0x0000000087800000|  0%| F|  |TAMS 0x0000000087700000, 0x0000000087700000| Untracked 
| 120|0x0000000087800000, 0x0000000087800000, 0x0000000087900000|  0%| F|  |TAMS 0x0000000087800000, 0x0000000087800000| Untracked 
| 121|0x0000000087900000, 0x0000000087900000, 0x0000000087a00000|  0%| F|  |TAMS 0x0000000087900000, 0x0000000087900000| Untracked 
| 122|0x0000000087a00000, 0x0000000087a00000, 0x0000000087b00000|  0%| F|  |TAMS 0x0000000087a00000, 0x0000000087a00000| Untracked 
| 123|0x0000000087b00000, 0x0000000087b00000, 0x0000000087c00000|  0%| F|  |TAMS 0x0000000087b00000, 0x0000000087b00000| Untracked 
| 124|0x0000000087c00000, 0x0000000087c00000, 0x0000000087d00000|  0%| F|  |TAMS 0x0000000087c00000, 0x0000000087c00000| Untracked 
| 125|0x0000000087d00000, 0x0000000087d00000, 0x0000000087e00000|  0%| F|  |TAMS 0x0000000087d00000, 0x0000000087d00000| Untracked 
| 126|0x0000000087e00000, 0x0000000087e00000, 0x0000000087f00000|  0%| F|  |TAMS 0x0000000087e00000, 0x0000000087e00000| Untracked 
| 127|0x0000000087f00000, 0x0000000087f00000, 0x0000000088000000|  0%| F|  |TAMS 0x0000000087f00000, 0x0000000087f00000| Untracked 
| 128|0x0000000088000000, 0x0000000088000000, 0x0000000088100000|  0%| F|  |TAMS 0x0000000088000000, 0x0000000088000000| Untracked 
| 129|0x0000000088100000, 0x0000000088100000, 0x0000000088200000|  0%| F|  |TAMS 0x0000000088100000, 0x0000000088100000| Untracked 
| 130|0x0000000088200000, 0x0000000088200000, 0x0000000088300000|  0%| F|  |TAMS 0x0000000088200000, 0x0000000088200000| Untracked 
| 131|0x0000000088300000, 0x0000000088300000, 0x0000000088400000|  0%| F|  |TAMS 0x0000000088300000, 0x0000000088300000| Untracked 
| 132|0x0000000088400000, 0x0000000088400000, 0x0000000088500000|  0%| F|  |TAMS 0x0000000088400000, 0x0000000088400000| Untracked 
| 133|0x0000000088500000, 0x0000000088500000, 0x0000000088600000|  0%| F|  |TAMS 0x0000000088500000, 0x0000000088500000| Untracked 
| 134|0x0000000088600000, 0x0000000088600000, 0x0000000088700000|  0%| F|  |TAMS 0x0000000088600000, 0x0000000088600000| Untracked 
| 135|0x0000000088700000, 0x0000000088700000, 0x0000000088800000|  0%| F|  |TAMS 0x0000000088700000, 0x0000000088700000| Untracked 
| 136|0x0000000088800000, 0x0000000088800000, 0x0000000088900000|  0%| F|  |TAMS 0x0000000088800000, 0x0000000088800000| Untracked 
| 137|0x0000000088900000, 0x0000000088900000, 0x0000000088a00000|  0%| F|  |TAMS 0x0000000088900000, 0x0000000088900000| Untracked 
| 138|0x0000000088a00000, 0x0000000088a00000, 0x0000000088b00000|  0%| F|  |TAMS 0x0000000088a00000, 0x0000000088a00000| Untracked 
| 139|0x0000000088b00000, 0x0000000088b00000, 0x0000000088c00000|  0%| F|  |TAMS 0x0000000088b00000, 0x0000000088b00000| Untracked 
| 140|0x0000000088c00000, 0x0000000088c00000, 0x0000000088d00000|  0%| F|  |TAMS 0x0000000088c00000, 0x0000000088c00000| Untracked 
| 141|0x0000000088d00000, 0x0000000088d00000, 0x0000000088e00000|  0%| F|  |TAMS 0x0000000088d00000, 0x0000000088d00000| Untracked 
| 142|0x0000000088e00000, 0x0000000088e00000, 0x0000000088f00000|  0%| F|  |TAMS 0x0000000088e00000, 0x0000000088e00000| Untracked 
| 143|0x0000000088f00000, 0x0000000088f00000, 0x0000000089000000|  0%| F|  |TAMS 0x0000000088f00000, 0x0000000088f00000| Untracked 
| 144|0x0000000089000000, 0x0000000089000000, 0x0000000089100000|  0%| F|  |TAMS 0x0000000089000000, 0x0000000089000000| Untracked 
| 145|0x0000000089100000, 0x0000000089100000, 0x0000000089200000|  0%| F|  |TAMS 0x0000000089100000, 0x0000000089100000| Untracked 
| 146|0x0000000089200000, 0x0000000089200000, 0x0000000089300000|  0%| F|  |TAMS 0x0000000089200000, 0x0000000089200000| Untracked 
| 147|0x0000000089300000, 0x0000000089300000, 0x0000000089400000|  0%| F|  |TAMS 0x0000000089300000, 0x0000000089300000| Untracked 
| 148|0x0000000089400000, 0x0000000089400000, 0x0000000089500000|  0%| F|  |TAMS 0x0000000089400000, 0x0000000089400000| Untracked 
| 149|0x0000000089500000, 0x0000000089500000, 0x0000000089600000|  0%| F|  |TAMS 0x0000000089500000, 0x0000000089500000| Untracked 
| 150|0x0000000089600000, 0x0000000089600000, 0x0000000089700000|  0%| F|  |TAMS 0x0000000089600000, 0x0000000089600000| Untracked 
| 151|0x0000000089700000, 0x0000000089800000, 0x0000000089800000|100%| E|  |TAMS 0x0000000089700000, 0x0000000089700000| Complete 
| 152|0x0000000089800000, 0x0000000089900000, 0x0000000089900000|100%| E|CS|TAMS 0x0000000089800000, 0x0000000089800000| Complete 
| 153|0x0000000089900000, 0x0000000089a00000, 0x0000000089a00000|100%| E|CS|TAMS 0x0000000089900000, 0x0000000089900000| Complete 
| 154|0x0000000089a00000, 0x0000000089b00000, 0x0000000089b00000|100%| E|CS|TAMS 0x0000000089a00000, 0x0000000089a00000| Complete 
| 155|0x0000000089b00000, 0x0000000089c00000, 0x0000000089c00000|100%| E|CS|TAMS 0x0000000089b00000, 0x0000000089b00000| Complete 
| 156|0x0000000089c00000, 0x0000000089d00000, 0x0000000089d00000|100%| E|CS|TAMS 0x0000000089c00000, 0x0000000089c00000| Complete 
| 157|0x0000000089d00000, 0x0000000089e00000, 0x0000000089e00000|100%| E|CS|TAMS 0x0000000089d00000, 0x0000000089d00000| Complete 
| 158|0x0000000089e00000, 0x0000000089f00000, 0x0000000089f00000|100%| E|CS|TAMS 0x0000000089e00000, 0x0000000089e00000| Complete 
| 159|0x0000000089f00000, 0x000000008a000000, 0x000000008a000000|100%| E|CS|TAMS 0x0000000089f00000, 0x0000000089f00000| Complete 
| 160|0x000000008a000000, 0x000000008a100000, 0x000000008a100000|100%| E|CS|TAMS 0x000000008a000000, 0x000000008a000000| Complete 
| 161|0x000000008a100000, 0x000000008a200000, 0x000000008a200000|100%| E|CS|TAMS 0x000000008a100000, 0x000000008a100000| Complete 
| 162|0x000000008a200000, 0x000000008a300000, 0x000000008a300000|100%| E|CS|TAMS 0x000000008a200000, 0x000000008a200000| Complete 
| 163|0x000000008a300000, 0x000000008a400000, 0x000000008a400000|100%| E|CS|TAMS 0x000000008a300000, 0x000000008a300000| Complete 
| 164|0x000000008a400000, 0x000000008a500000, 0x000000008a500000|100%| E|CS|TAMS 0x000000008a400000, 0x000000008a400000| Complete 
| 165|0x000000008a500000, 0x000000008a600000, 0x000000008a600000|100%| E|CS|TAMS 0x000000008a500000, 0x000000008a500000| Complete 
| 166|0x000000008a600000, 0x000000008a700000, 0x000000008a700000|100%| E|CS|TAMS 0x000000008a600000, 0x000000008a600000| Complete 
| 167|0x000000008a700000, 0x000000008a800000, 0x000000008a800000|100%| E|CS|TAMS 0x000000008a700000, 0x000000008a700000| Complete 
| 168|0x000000008a800000, 0x000000008a900000, 0x000000008a900000|100%| E|CS|TAMS 0x000000008a800000, 0x000000008a800000| Complete 
| 169|0x000000008a900000, 0x000000008aa00000, 0x000000008aa00000|100%| E|CS|TAMS 0x000000008a900000, 0x000000008a900000| Complete 
| 170|0x000000008aa00000, 0x000000008ab00000, 0x000000008ab00000|100%| E|CS|TAMS 0x000000008aa00000, 0x000000008aa00000| Complete 
| 171|0x000000008ab00000, 0x000000008ac00000, 0x000000008ac00000|100%| E|CS|TAMS 0x000000008ab00000, 0x000000008ab00000| Complete 
| 172|0x000000008ac00000, 0x000000008ad00000, 0x000000008ad00000|100%| E|CS|TAMS 0x000000008ac00000, 0x000000008ac00000| Complete 
| 173|0x000000008ad00000, 0x000000008ae00000, 0x000000008ae00000|100%| E|CS|TAMS 0x000000008ad00000, 0x000000008ad00000| Complete 
| 174|0x000000008ae00000, 0x000000008af00000, 0x000000008af00000|100%| E|CS|TAMS 0x000000008ae00000, 0x000000008ae00000| Complete 
| 175|0x000000008af00000, 0x000000008b000000, 0x000000008b000000|100%| E|CS|TAMS 0x000000008af00000, 0x000000008af00000| Complete 
| 176|0x000000008b000000, 0x000000008b100000, 0x000000008b100000|100%| E|CS|TAMS 0x000000008b000000, 0x000000008b000000| Complete 
| 177|0x000000008b100000, 0x000000008b200000, 0x000000008b200000|100%| E|CS|TAMS 0x000000008b100000, 0x000000008b100000| Complete 
| 178|0x000000008b200000, 0x000000008b300000, 0x000000008b300000|100%| E|CS|TAMS 0x000000008b200000, 0x000000008b200000| Complete 
| 179|0x000000008b300000, 0x000000008b400000, 0x000000008b400000|100%| E|CS|TAMS 0x000000008b300000, 0x000000008b300000| Complete 
| 180|0x000000008b400000, 0x000000008b500000, 0x000000008b500000|100%| E|CS|TAMS 0x000000008b400000, 0x000000008b400000| Complete 
| 181|0x000000008b500000, 0x000000008b600000, 0x000000008b600000|100%| E|CS|TAMS 0x000000008b500000, 0x000000008b500000| Complete 
| 182|0x000000008b600000, 0x000000008b700000, 0x000000008b700000|100%| E|CS|TAMS 0x000000008b600000, 0x000000008b600000| Complete 
| 183|0x000000008b700000, 0x000000008b800000, 0x000000008b800000|100%| E|CS|TAMS 0x000000008b700000, 0x000000008b700000| Complete 
| 184|0x000000008b800000, 0x000000008b900000, 0x000000008b900000|100%| E|CS|TAMS 0x000000008b800000, 0x000000008b800000| Complete 
| 185|0x000000008b900000, 0x000000008ba00000, 0x000000008ba00000|100%| E|CS|TAMS 0x000000008b900000, 0x000000008b900000| Complete 
| 186|0x000000008ba00000, 0x000000008bb00000, 0x000000008bb00000|100%| E|CS|TAMS 0x000000008ba00000, 0x000000008ba00000| Complete 
| 187|0x000000008bb00000, 0x000000008bc00000, 0x000000008bc00000|100%| E|CS|TAMS 0x000000008bb00000, 0x000000008bb00000| Complete 
| 188|0x000000008bc00000, 0x000000008bd00000, 0x000000008bd00000|100%| E|CS|TAMS 0x000000008bc00000, 0x000000008bc00000| Complete 
| 189|0x000000008bd00000, 0x000000008be00000, 0x000000008be00000|100%| E|CS|TAMS 0x000000008bd00000, 0x000000008bd00000| Complete 
| 190|0x000000008be00000, 0x000000008bf00000, 0x000000008bf00000|100%| E|CS|TAMS 0x000000008be00000, 0x000000008be00000| Complete 
| 191|0x000000008bf00000, 0x000000008c000000, 0x000000008c000000|100%| E|CS|TAMS 0x000000008bf00000, 0x000000008bf00000| Complete 
| 192|0x000000008c000000, 0x000000008c100000, 0x000000008c100000|100%| E|CS|TAMS 0x000000008c000000, 0x000000008c000000| Complete 
| 193|0x000000008c100000, 0x000000008c200000, 0x000000008c200000|100%| E|CS|TAMS 0x000000008c100000, 0x000000008c100000| Complete 
| 194|0x000000008c200000, 0x000000008c300000, 0x000000008c300000|100%| E|CS|TAMS 0x000000008c200000, 0x000000008c200000| Complete 
| 195|0x000000008c300000, 0x000000008c400000, 0x000000008c400000|100%| E|CS|TAMS 0x000000008c300000, 0x000000008c300000| Complete 
| 196|0x000000008c400000, 0x000000008c500000, 0x000000008c500000|100%| E|CS|TAMS 0x000000008c400000, 0x000000008c400000| Complete 
| 197|0x000000008c500000, 0x000000008c600000, 0x000000008c600000|100%| E|CS|TAMS 0x000000008c500000, 0x000000008c500000| Complete 
| 198|0x000000008c600000, 0x000000008c700000, 0x000000008c700000|100%| E|CS|TAMS 0x000000008c600000, 0x000000008c600000| Complete 
| 199|0x000000008c700000, 0x000000008c800000, 0x000000008c800000|100%| E|CS|TAMS 0x000000008c700000, 0x000000008c700000| Complete 
| 200|0x000000008c800000, 0x000000008c900000, 0x000000008c900000|100%| E|CS|TAMS 0x000000008c800000, 0x000000008c800000| Complete 
| 201|0x000000008c900000, 0x000000008ca00000, 0x000000008ca00000|100%| E|CS|TAMS 0x000000008c900000, 0x000000008c900000| Complete 
| 202|0x000000008ca00000, 0x000000008cb00000, 0x000000008cb00000|100%| E|CS|TAMS 0x000000008ca00000, 0x000000008ca00000| Complete 
| 203|0x000000008cb00000, 0x000000008cc00000, 0x000000008cc00000|100%| E|CS|TAMS 0x000000008cb00000, 0x000000008cb00000| Complete 
| 204|0x000000008cc00000, 0x000000008cd00000, 0x000000008cd00000|100%| E|CS|TAMS 0x000000008cc00000, 0x000000008cc00000| Complete 
| 205|0x000000008cd00000, 0x000000008ce00000, 0x000000008ce00000|100%| E|CS|TAMS 0x000000008cd00000, 0x000000008cd00000| Complete 
| 206|0x000000008ce00000, 0x000000008cf00000, 0x000000008cf00000|100%| E|CS|TAMS 0x000000008ce00000, 0x000000008ce00000| Complete 
| 207|0x000000008cf00000, 0x000000008d000000, 0x000000008d000000|100%| E|CS|TAMS 0x000000008cf00000, 0x000000008cf00000| Complete 
| 208|0x000000008d000000, 0x000000008d100000, 0x000000008d100000|100%| E|CS|TAMS 0x000000008d000000, 0x000000008d000000| Complete 
| 209|0x000000008d100000, 0x000000008d200000, 0x000000008d200000|100%| E|CS|TAMS 0x000000008d100000, 0x000000008d100000| Complete 
| 210|0x000000008d200000, 0x000000008d300000, 0x000000008d300000|100%| E|CS|TAMS 0x000000008d200000, 0x000000008d200000| Complete 
| 211|0x000000008d300000, 0x000000008d400000, 0x000000008d400000|100%| E|CS|TAMS 0x000000008d300000, 0x000000008d300000| Complete 
| 212|0x000000008d400000, 0x000000008d500000, 0x000000008d500000|100%| E|CS|TAMS 0x000000008d400000, 0x000000008d400000| Complete 
| 213|0x000000008d500000, 0x000000008d600000, 0x000000008d600000|100%| E|CS|TAMS 0x000000008d500000, 0x000000008d500000| Complete 
| 214|0x000000008d600000, 0x000000008d700000, 0x000000008d700000|100%| E|CS|TAMS 0x000000008d600000, 0x000000008d600000| Complete 
| 215|0x000000008d700000, 0x000000008d800000, 0x000000008d800000|100%| E|CS|TAMS 0x000000008d700000, 0x000000008d700000| Complete 
| 216|0x000000008d800000, 0x000000008d900000, 0x000000008d900000|100%| E|CS|TAMS 0x000000008d800000, 0x000000008d800000| Complete 
| 217|0x000000008d900000, 0x000000008da00000, 0x000000008da00000|100%| E|CS|TAMS 0x000000008d900000, 0x000000008d900000| Complete 
| 218|0x000000008da00000, 0x000000008db00000, 0x000000008db00000|100%| E|CS|TAMS 0x000000008da00000, 0x000000008da00000| Complete 
| 219|0x000000008db00000, 0x000000008dc00000, 0x000000008dc00000|100%| E|CS|TAMS 0x000000008db00000, 0x000000008db00000| Complete 
| 220|0x000000008dc00000, 0x000000008dd00000, 0x000000008dd00000|100%| E|CS|TAMS 0x000000008dc00000, 0x000000008dc00000| Complete 
| 221|0x000000008dd00000, 0x000000008dded100, 0x000000008de00000| 92%| S|CS|TAMS 0x000000008dd00000, 0x000000008dd00000| Complete 
| 222|0x000000008de00000, 0x000000008df00000, 0x000000008df00000|100%| E|CS|TAMS 0x000000008de00000, 0x000000008de00000| Complete 
| 223|0x000000008df00000, 0x000000008e000000, 0x000000008e000000|100%| E|CS|TAMS 0x000000008df00000, 0x000000008df00000| Complete 
| 224|0x000000008e000000, 0x000000008e100000, 0x000000008e100000|100%| E|CS|TAMS 0x000000008e000000, 0x000000008e000000| Complete 
| 225|0x000000008e100000, 0x000000008e200000, 0x000000008e200000|100%| E|CS|TAMS 0x000000008e100000, 0x000000008e100000| Complete 
| 226|0x000000008e200000, 0x000000008e300000, 0x000000008e300000|100%| E|CS|TAMS 0x000000008e200000, 0x000000008e200000| Complete 
| 227|0x000000008e300000, 0x000000008e400000, 0x000000008e400000|100%| E|CS|TAMS 0x000000008e300000, 0x000000008e300000| Complete 
| 228|0x000000008e400000, 0x000000008e500000, 0x000000008e500000|100%| E|CS|TAMS 0x000000008e400000, 0x000000008e400000| Complete 
| 229|0x000000008e500000, 0x000000008e600000, 0x000000008e600000|100%| E|CS|TAMS 0x000000008e500000, 0x000000008e500000| Complete 
| 230|0x000000008e600000, 0x000000008e700000, 0x000000008e700000|100%| E|CS|TAMS 0x000000008e600000, 0x000000008e600000| Complete 
| 231|0x000000008e700000, 0x000000008e800000, 0x000000008e800000|100%| E|CS|TAMS 0x000000008e700000, 0x000000008e700000| Complete 
| 232|0x000000008e800000, 0x000000008e900000, 0x000000008e900000|100%| E|CS|TAMS 0x000000008e800000, 0x000000008e800000| Complete 
| 233|0x000000008e900000, 0x000000008ea00000, 0x000000008ea00000|100%| E|CS|TAMS 0x000000008e900000, 0x000000008e900000| Complete 
| 234|0x000000008ea00000, 0x000000008eb00000, 0x000000008eb00000|100%| E|CS|TAMS 0x000000008ea00000, 0x000000008ea00000| Complete 
| 235|0x000000008eb00000, 0x000000008ec00000, 0x000000008ec00000|100%| E|CS|TAMS 0x000000008eb00000, 0x000000008eb00000| Complete 
| 236|0x000000008ec00000, 0x000000008ed00000, 0x000000008ed00000|100%| E|CS|TAMS 0x000000008ec00000, 0x000000008ec00000| Complete 
| 237|0x000000008ed00000, 0x000000008ee00000, 0x000000008ee00000|100%| E|CS|TAMS 0x000000008ed00000, 0x000000008ed00000| Complete 
| 238|0x000000008ee00000, 0x000000008ef00000, 0x000000008ef00000|100%| E|CS|TAMS 0x000000008ee00000, 0x000000008ee00000| Complete 
| 239|0x000000008ef00000, 0x000000008f000000, 0x000000008f000000|100%| E|CS|TAMS 0x000000008ef00000, 0x000000008ef00000| Complete 
| 240|0x000000008f000000, 0x000000008f100000, 0x000000008f100000|100%| E|CS|TAMS 0x000000008f000000, 0x000000008f000000| Complete 
| 241|0x000000008f100000, 0x000000008f200000, 0x000000008f200000|100%| E|CS|TAMS 0x000000008f100000, 0x000000008f100000| Complete 
| 242|0x000000008f200000, 0x000000008f300000, 0x000000008f300000|100%| E|CS|TAMS 0x000000008f200000, 0x000000008f200000| Complete 
| 243|0x000000008f300000, 0x000000008f400000, 0x000000008f400000|100%| E|CS|TAMS 0x000000008f300000, 0x000000008f300000| Complete 
| 244|0x000000008f400000, 0x000000008f500000, 0x000000008f500000|100%| E|CS|TAMS 0x000000008f400000, 0x000000008f400000| Complete 
| 245|0x000000008f500000, 0x000000008f600000, 0x000000008f600000|100%| E|CS|TAMS 0x000000008f500000, 0x000000008f500000| Complete 
| 246|0x000000008f600000, 0x000000008f700000, 0x000000008f700000|100%| E|CS|TAMS 0x000000008f600000, 0x000000008f600000| Complete 
| 247|0x000000008f700000, 0x000000008f800000, 0x000000008f800000|100%| E|CS|TAMS 0x000000008f700000, 0x000000008f700000| Complete 
| 248|0x000000008f800000, 0x000000008f900000, 0x000000008f900000|100%| E|CS|TAMS 0x000000008f800000, 0x000000008f800000| Complete 
| 249|0x000000008f900000, 0x000000008fa00000, 0x000000008fa00000|100%| E|CS|TAMS 0x000000008f900000, 0x000000008f900000| Complete 
| 250|0x000000008fa00000, 0x000000008fb00000, 0x000000008fb00000|100%| E|CS|TAMS 0x000000008fa00000, 0x000000008fa00000| Complete 
| 251|0x000000008fb00000, 0x000000008fc00000, 0x000000008fc00000|100%| E|CS|TAMS 0x000000008fb00000, 0x000000008fb00000| Complete 

Card table byte_map: [0x000001d16d0a0000,0x000001d16d4a0000] _byte_map_base: 0x000001d16cca0000

Marking Bits (Prev, Next): (CMBitMap*) 0x000001d1559aca10, (CMBitMap*) 0x000001d1559aca50
 Prev Bits: [0x000001d16d8a0000, 0x000001d16f8a0000)
 Next Bits: [0x000001d16f8a0000, 0x000001d1718a0000)

Polling page: 0x000001d153800000

Metaspace:

Usage:
  Non-class:     15.50 MB used.
      Class:      2.61 MB used.
       Both:     18.11 MB used.

Virtual space:
  Non-class space:       64.00 MB reserved,      15.62 MB ( 24%) committed,  1 nodes.
      Class space:      416.00 MB reserved,       2.75 MB ( <1%) committed,  1 nodes.
             Both:      480.00 MB reserved,      18.38 MB (  4%) committed. 

Chunk freelists:
   Non-Class:  192.00 KB
       Class:  13.30 MB
        Both:  13.48 MB

MaxMetaspaceSize: 512.00 MB
CompressedClassSpaceSize: 416.00 MB
Initial GC threshold: 21.00 MB
Current GC threshold: 21.00 MB
CDS: on
MetaspaceReclaimPolicy: balanced
 - commit_granule_bytes: 65536.
 - commit_granule_words: 8192.
 - virtual_space_node_default_size: 8388608.
 - enlarge_chunks_in_place: 1.
 - new_chunks_are_fully_committed: 0.
 - uncommit_free_chunks: 1.
 - use_allocation_guard: 0.
 - handle_deallocations: 1.


Internal statistics:

num_allocs_failed_limit: 0.
num_arena_births: 218.
num_arena_deaths: 0.
num_vsnodes_births: 2.
num_vsnodes_deaths: 0.
num_space_committed: 294.
num_space_uncommitted: 0.
num_chunks_returned_to_freelist: 0.
num_chunks_taken_from_freelist: 823.
num_chunk_merges: 0.
num_chunk_splits: 565.
num_chunks_enlarged: 430.
num_inconsistent_stats: 0.

CodeHeap 'non-profiled nmethods': size=119168Kb used=1437Kb max_used=1437Kb free=117730Kb
 bounds [0x000001d164da0000, 0x000001d165010000, 0x000001d16c200000]
CodeHeap 'profiled nmethods': size=119104Kb used=5804Kb max_used=5804Kb free=113299Kb
 bounds [0x000001d15d200000, 0x000001d15d7b0000, 0x000001d164650000]
CodeHeap 'non-nmethods': size=7488Kb used=2922Kb max_used=2977Kb free=4565Kb
 bounds [0x000001d164650000, 0x000001d164950000, 0x000001d164da0000]
 total_blobs=3236 nmethods=2695 adapters=450
 compilation: enabled
              stopped_count=0, restarted_count=0
 full_count=0

Compilation events (20 events):
Event: 1.664 Thread 0x000001d174d4b8d0 2689       3       org.objectweb.asm.Type::<init> (26 bytes)
Event: 1.664 Thread 0x000001d174d4b8d0 nmethod 2689 0x000001d15d79df10 code [0x000001d15d79e0a0, 0x000001d15d79e278]
Event: 1.665 Thread 0x000001d174d4bf60 2690       3       org.objectweb.asm.Type::getReturnTypeOffset (64 bytes)
Event: 1.665 Thread 0x000001d174ba8760 2691       3       org.objectweb.asm.MethodWriter::visitLabel (328 bytes)
Event: 1.665 Thread 0x000001d174d4b300 2692       3       org.objectweb.asm.Frame::getConcreteOutputType (111 bytes)
Event: 1.665 Thread 0x000001d174d4b8d0 2693       3       org.objectweb.asm.Frame::accept (264 bytes)
Event: 1.665 Thread 0x000001d174d4b300 nmethod 2692 0x000001d15d79e310 code [0x000001d15d79e4c0, 0x000001d15d79e898]
Event: 1.665 Thread 0x000001d174d4b300 2694       3       org.objectweb.asm.MethodWriter::visitFrameStart (55 bytes)
Event: 1.665 Thread 0x000001d174ba8760 nmethod 2691 0x000001d15d79ea10 code [0x000001d15d79ec80, 0x000001d15d79fa08]
Event: 1.665 Thread 0x000001d174ba8760 2695       3       org.objectweb.asm.MethodWriter::visitFrameEnd (53 bytes)
Event: 1.665 Thread 0x000001d174d4b300 nmethod 2694 0x000001d15d79fc90 code [0x000001d15d79fe40, 0x000001d15d7a0158]
Event: 1.665 Thread 0x000001d174d4b300 2696       3       org.objectweb.asm.Type::getTypeInternal (218 bytes)
Event: 1.666 Thread 0x000001d174d4b8d0 nmethod 2693 0x000001d15d7a0290 code [0x000001d15d7a04c0, 0x000001d15d7a0df8]
Event: 1.666 Thread 0x000001d174d4bf60 nmethod 2690 0x000001d15d7a1190 code [0x000001d15d7a14c0, 0x000001d15d7a2898]
Event: 1.666 Thread 0x000001d174ba8760 nmethod 2695 0x000001d15d7a3010 code [0x000001d15d7a31e0, 0x000001d15d7a36c8]
Event: 1.666 Thread 0x000001d174d4b300 nmethod 2696 0x000001d15d7a3810 code [0x000001d15d7a3b40, 0x000001d15d7a4e78]
Event: 1.670 Thread 0x000001d174d4b300 2697       3       java.lang.StringLatin1::indexOf (25 bytes)
Event: 1.671 Thread 0x000001d174d4b300 nmethod 2697 0x000001d15d7a5490 code [0x000001d15d7a5640, 0x000001d15d7a5848]
Event: 1.676 Thread 0x000001d174d4bf60 2698       3       org.gradle.internal.service.DefaultServiceRegistry$OwnServices::instanceRealized (233 bytes)
Event: 1.677 Thread 0x000001d174d4bf60 nmethod 2698 0x000001d15d7a5910 code [0x000001d15d7a5e80, 0x000001d15d7a9208]

GC Heap History (4 events):
Event: 0.353 GC heap before
{Heap before GC invocations=0 (full 0):
 garbage-first heap   total 258048K, used 26624K [0x0000000080000000, 0x0000000100000000)
  region size 1024K, 23 young (23552K), 0 survivors (0K)
 Metaspace       used 2950K, committed 3136K, reserved 491520K
  class space    used 365K, committed 448K, reserved 425984K
}
Event: 0.356 GC heap after
{Heap after GC invocations=1 (full 0):
 garbage-first heap   total 258048K, used 10404K [0x0000000080000000, 0x0000000100000000)
  region size 1024K, 3 young (3072K), 3 survivors (3072K)
 Metaspace       used 2950K, committed 3136K, reserved 491520K
  class space    used 365K, committed 448K, reserved 425984K
}
Event: 0.545 GC heap before
{Heap before GC invocations=1 (full 0):
 garbage-first heap   total 258048K, used 38052K [0x0000000080000000, 0x0000000100000000)
  region size 1024K, 30 young (30720K), 3 survivors (3072K)
 Metaspace       used 4095K, committed 4288K, reserved 491520K
  class space    used 492K, committed 576K, reserved 425984K
}
Event: 0.547 GC heap after
{Heap after GC invocations=2 (full 0):
 garbage-first heap   total 258048K, used 11613K [0x0000000080000000, 0x0000000100000000)
  region size 1024K, 1 young (1024K), 1 survivors (1024K)
 Metaspace       used 4095K, committed 4288K, reserved 491520K
  class space    used 492K, committed 576K, reserved 425984K
}

Deoptimization events (20 events):
Event: 1.356 Thread 0x000001d17a273350 DEOPT PACKING pc=0x000001d164e26480 sp=0x0000002d748fce00
Event: 1.356 Thread 0x000001d17a273350 DEOPT UNPACKING pc=0x000001d1646a23a3 sp=0x0000002d748fcdd0 mode 2
Event: 1.472 Thread 0x000001d17a273350 Uncommon trap: trap_request=0xffffff45 fr.pc=0x000001d164e9d374 relative=0x0000000000000074
Event: 1.472 Thread 0x000001d17a273350 Uncommon trap: reason=unstable_if action=reinterpret pc=0x000001d164e9d374 method=jdk.internal.misc.Unsafe.convEndian(ZI)I @ 4 c2
Event: 1.472 Thread 0x000001d17a273350 DEOPT PACKING pc=0x000001d164e9d374 sp=0x0000002d748facb0
Event: 1.472 Thread 0x000001d17a273350 DEOPT UNPACKING pc=0x000001d1646a23a3 sp=0x0000002d748fabb8 mode 2
Event: 1.508 Thread 0x000001d17a273350 Uncommon trap: trap_request=0xffffff45 fr.pc=0x000001d164e9ae38 relative=0x0000000000001558
Event: 1.508 Thread 0x000001d17a273350 Uncommon trap: reason=unstable_if action=reinterpret pc=0x000001d164e9ae38 method=java.util.concurrent.ConcurrentHashMap.transfer([Ljava/util/concurrent/ConcurrentHashMap$Node;[Ljava/util/concurrent/ConcurrentHashMap$Node;)V @ 26 c2
Event: 1.508 Thread 0x000001d17a273350 DEOPT PACKING pc=0x000001d164e9ae38 sp=0x0000002d748fc320
Event: 1.508 Thread 0x000001d17a273350 DEOPT UNPACKING pc=0x000001d1646a23a3 sp=0x0000002d748fc290 mode 2
Event: 1.520 Thread 0x000001d17a273350 DEOPT PACKING pc=0x000001d15d75ad6a sp=0x0000002d748fbf80
Event: 1.520 Thread 0x000001d17a273350 DEOPT UNPACKING pc=0x000001d1646a2b43 sp=0x0000002d748fb490 mode 0
Event: 1.614 Thread 0x000001d17a273350 Uncommon trap: trap_request=0xffffff45 fr.pc=0x000001d164ec9b00 relative=0x00000000000003c0
Event: 1.614 Thread 0x000001d17a273350 Uncommon trap: reason=unstable_if action=reinterpret pc=0x000001d164ec9b00 method=java.util.HashMap.getNode(Ljava/lang/Object;)Ljava/util/HashMap$Node; @ 131 c2
Event: 1.614 Thread 0x000001d17a273350 DEOPT PACKING pc=0x000001d164ec9b00 sp=0x0000002d748fadc0
Event: 1.614 Thread 0x000001d17a273350 DEOPT UNPACKING pc=0x000001d1646a23a3 sp=0x0000002d748face0 mode 2
Event: 1.677 Thread 0x000001d17a273350 Uncommon trap: trap_request=0xffffff45 fr.pc=0x000001d164eaf2f8 relative=0x00000000000000d8
Event: 1.677 Thread 0x000001d17a273350 Uncommon trap: reason=unstable_if action=reinterpret pc=0x000001d164eaf2f8 method=java.util.HashMap.hash(Ljava/lang/Object;)I @ 1 c2
Event: 1.677 Thread 0x000001d17a273350 DEOPT PACKING pc=0x000001d164eaf2f8 sp=0x0000002d748f9d20
Event: 1.677 Thread 0x000001d17a273350 DEOPT UNPACKING pc=0x000001d1646a23a3 sp=0x0000002d748f9c60 mode 2

Classes unloaded (0 events):
No events

Classes redefined (0 events):
No events

Internal exceptions (20 events):
Event: 1.217 Thread 0x000001d17a273350 Exception <a 'java/lang/NoSuchMethodError'{0x000000008c327ab8}: 'void java.lang.invoke.DirectMethodHandle$Holder.invokeStaticInit(java.lang.Object, java.lang.Object)'> (0x000000008c327ab8) 
thrown [s\open\src\hotspot\share\interpreter\linkResolver.cpp, line 759]
Event: 1.231 Thread 0x000001d17a273350 Exception <a 'java/lang/NoSuchMethodError'{0x000000008c232270}: 'java.lang.Object java.lang.invoke.DirectMethodHandle$Holder.newInvokeSpecial(java.lang.Object, java.lang.Object, java.lang.Object, int, java.lang.Object, java.lang.Object)'> (0x000000008c232270) 
thrown [s\open\src\hotspot\share\interpreter\linkResolver.cpp, line 759]
Event: 1.250 Thread 0x000001d17a273350 Exception <a 'java/lang/NoSuchMethodError'{0x000000008c1f5420}: 'void java.lang.invoke.DelegatingMethodHandle$Holder.reinvoke_L(java.lang.Object, java.lang.Object, java.lang.Object, java.lang.Object, java.lang.Object, java.lang.Object, java.lang.Object, java.lang.Object, java.lang.Object, java.lang.Object)'> (0x000000008c1f5420) 
thrown [s\open\src\hotspot\share\interpreter\linkResolver.cpp, line 759]
Event: 1.251 Thread 0x000001d17a273350 Exception <a 'java/lang/NoSuchMethodError'{0x000000008c1fd890}: 'java.lang.Object java.lang.invoke.DirectMethodHandle$Holder.invokeSpecial(java.lang.Object, java.lang.Object, java.lang.Object, java.lang.Object, java.lang.Object, java.lang.Object, java.lang.Object, java.lang.Object, java.lang.Object, java.lang.Object)'> (0x000000008c1fd890) 
thrown [s\open\src\hotspot\share\interpreter\linkResolver.cpp, line 759]
Event: 1.251 Thread 0x000001d17a273350 Exception <a 'java/lang/NoSuchMethodError'{0x000000008c002a48}: 'java.lang.Object java.lang.invoke.Invokers$Holder.invoker(java.lang.Object, java.lang.Object, java.lang.Object, java.lang.Object, java.lang.Object, java.lang.Object, java.lang.Object, java.lang.Object, java.lang.Object, java.lang.Object)'> (0x000000008c002a48) 
thrown [s\open\src\hotspot\share\interpreter\linkResolver.cpp, line 759]
Event: 1.251 Thread 0x000001d17a273350 Exception <a 'java/lang/NoSuchMethodError'{0x000000008c0085d0}: 'java.lang.Object java.lang.invoke.DirectMethodHandle$Holder.invokeSpecial(java.lang.Object, java.lang.Object, java.lang.Object, java.lang.Object, java.lang.Object, java.lang.Object, java.lang.Object, java.lang.Object, java.lang.Object, java.lang.Object, java.lang.Object)'> (0x000000008c0085d0) 
thrown [s\open\src\hotspot\share\interpreter\linkResolver.cpp, line 759]
Event: 1.317 Thread 0x000001d17a273350 Exception <a 'java/lang/NoSuchMethodError'{0x000000008ba02d20}: 'void java.lang.invoke.DirectMethodHandle$Holder.invokeStaticInit(java.lang.Object)'> (0x000000008ba02d20) 
thrown [s\open\src\hotspot\share\interpreter\linkResolver.cpp, line 759]
Event: 1.325 Thread 0x000001d17a273350 Exception <a 'java/lang/NoSuchMethodError'{0x000000008bab3920}: 'java.lang.Object java.lang.invoke.DirectMethodHandle$Holder.newInvokeSpecial(java.lang.Object, java.lang.Object, java.lang.Object, int)'> (0x000000008bab3920) 
thrown [s\open\src\hotspot\share\interpreter\linkResolver.cpp, line 759]
Event: 1.325 Thread 0x000001d17a273350 Exception <a 'java/lang/NoSuchMethodError'{0x000000008bab8250}: 'java.lang.Object java.lang.invoke.DirectMethodHandle$Holder.invokeSpecial(java.lang.Object, java.lang.Object, java.lang.Object, java.lang.Object, int)'> (0x000000008bab8250) 
thrown [s\open\src\hotspot\share\interpreter\linkResolver.cpp, line 759]
Event: 1.325 Thread 0x000001d17a273350 Exception <a 'java/lang/NoSuchMethodError'{0x000000008babc368}: 'java.lang.Object java.lang.invoke.Invokers$Holder.linkToTargetMethod(java.lang.Object, java.lang.Object, int, java.lang.Object)'> (0x000000008babc368) 
thrown [s\open\src\hotspot\share\interpreter\linkResolver.cpp, line 759]
Event: 1.482 Thread 0x000001d17a273350 Exception <a 'java/lang/NoSuchMethodError'{0x000000008aa145c8}: 'int java.lang.invoke.DirectMethodHandle$Holder.invokeSpecialIFC(java.lang.Object, java.lang.Object, java.lang.Object, java.lang.Object)'> (0x000000008aa145c8) 
thrown [s\open\src\hotspot\share\interpreter\linkResolver.cpp, line 759]
Event: 1.483 Thread 0x000001d17a273350 Exception <a 'java/lang/NoSuchMethodError'{0x000000008aa23848}: 'java.lang.Object java.lang.invoke.DirectMethodHandle$Holder.invokeInterface(java.lang.Object, java.lang.Object, java.lang.Object)'> (0x000000008aa23848) 
thrown [s\open\src\hotspot\share\interpreter\linkResolver.cpp, line 759]
Event: 1.483 Thread 0x000001d17a273350 Exception <a 'java/lang/IncompatibleClassChangeError'{0x000000008aa27708}: Found class java.lang.Object, but interface was expected> (0x000000008aa27708) 
thrown [s\open\src\hotspot\share\interpreter\linkResolver.cpp, line 826]
Event: 1.506 Thread 0x000001d17a273350 Exception <a 'java/lang/NoSuchMethodError'{0x000000008a88b780}: 'int java.lang.invoke.DirectMethodHandle$Holder.invokeStatic(java.lang.Object, java.lang.Object, java.lang.Object, java.lang.Object)'> (0x000000008a88b780) 
thrown [s\open\src\hotspot\share\interpreter\linkResolver.cpp, line 759]
Event: 1.506 Thread 0x000001d17a273350 Exception <a 'java/lang/NoSuchMethodError'{0x000000008a88f3a8}: 'java.lang.Object java.lang.invoke.Invokers$Holder.invokeExact_MT(java.lang.Object, java.lang.Object, java.lang.Object, java.lang.Object, java.lang.Object, java.lang.Object)'> (0x000000008a88f3a8) 
thrown [s\open\src\hotspot\share\interpreter\linkResolver.cpp, line 759]
Event: 1.605 Thread 0x000001d17a273350 Exception <a 'java/lang/NoSuchMethodError'{0x0000000089fd7820}: 'java.lang.Object java.lang.invoke.DirectMethodHandle$Holder.invokeVirtual(java.lang.Object, java.lang.Object, java.lang.Object, java.lang.Object)'> (0x0000000089fd7820) 
thrown [s\open\src\hotspot\share\interpreter\linkResolver.cpp, line 759]
Event: 1.619 Thread 0x000001d17a273350 Exception <a 'java/lang/NoSuchMethodError'{0x0000000089d20fe8}: 'java.lang.Object java.lang.invoke.DirectMethodHandle$Holder.newInvokeSpecial(java.lang.Object, java.lang.Object, java.lang.Object, java.lang.Object, java.lang.Object, java.lang.Object, java.lang.Object)'> (0x0000000089d20fe8) 
thrown [s\open\src\hotspot\share\interpreter\linkResolver.cpp, line 759]
Event: 1.620 Thread 0x000001d17a273350 Exception <a 'java/lang/NoSuchMethodError'{0x0000000089d25cb8}: 'java.lang.Object java.lang.invoke.Invokers$Holder.linkToTargetMethod(java.lang.Object, java.lang.Object, java.lang.Object, java.lang.Object, java.lang.Object, java.lang.Object, java.lang.Object)'> (0x0000000089d25cb8) 
thrown [s\open\src\hotspot\share\interpreter\linkResolver.cpp, line 759]
Event: 1.633 Thread 0x000001d17a273350 Exception <a 'java/lang/NoSuchMethodError'{0x0000000089c7a0c8}: 'java.lang.Object java.lang.invoke.DirectMethodHandle$Holder.invokeVirtual(java.lang.Object, java.lang.Object, java.lang.Object, java.lang.Object, java.lang.Object, java.lang.Object, java.lang.Object, java.lang.Object, java.lang.Object, java.lang.Object, java.lang.Object, java.lang.Object, java.lang.Object, java.lang.Object, java.lang.Object, java.lang.Object, java.lang.Object, java.lang.Object, java.lang.Object, java.lang.Object, java.lang.Ob
Event: 1.677 Thread 0x000001d17a273350 Implicit null exception at 0x000001d164eaf258 to 0x000001d164eaf2ee

VM Operations (20 events):
Event: 0.888 Executing VM operation: HandshakeAllThreads
Event: 0.888 Executing VM operation: HandshakeAllThreads done
Event: 0.917 Executing VM operation: HandshakeAllThreads
Event: 0.917 Executing VM operation: HandshakeAllThreads done
Event: 1.011 Executing VM operation: HandshakeAllThreads
Event: 1.011 Executing VM operation: HandshakeAllThreads done
Event: 1.043 Executing VM operation: HandshakeAllThreads
Event: 1.043 Executing VM operation: HandshakeAllThreads done
Event: 1.064 Executing VM operation: ICBufferFull
Event: 1.064 Executing VM operation: ICBufferFull done
Event: 1.359 Executing VM operation: HandshakeAllThreads
Event: 1.359 Executing VM operation: HandshakeAllThreads done
Event: 1.359 Executing VM operation: HandshakeAllThreads
Event: 1.359 Executing VM operation: HandshakeAllThreads done
Event: 1.375 Executing VM operation: HandshakeAllThreads
Event: 1.375 Executing VM operation: HandshakeAllThreads done
Event: 1.375 Executing VM operation: HandshakeAllThreads
Event: 1.375 Executing VM operation: HandshakeAllThreads done
Event: 1.506 Executing VM operation: ICBufferFull
Event: 1.506 Executing VM operation: ICBufferFull done

Events (20 events):
Event: 1.497 loading class java/io/ObjectInput done
Event: 1.497 loading class java/io/ObjectStreamConstants
Event: 1.497 loading class java/io/ObjectStreamConstants done
Event: 1.497 loading class java/io/ObjectInputStream done
Event: 1.498 loading class java/io/ObjectOutputStream
Event: 1.498 loading class java/io/ObjectOutput
Event: 1.498 loading class java/io/ObjectOutput done
Event: 1.498 loading class java/io/ObjectOutputStream done
Event: 1.502 loading class java/lang/ThreadLocal$SuppliedThreadLocal
Event: 1.502 loading class java/lang/ThreadLocal$SuppliedThreadLocal done
Event: 1.589 loading class javax/xml/parsers/ParserConfigurationException
Event: 1.589 loading class javax/xml/parsers/ParserConfigurationException done
Event: 1.589 loading class org/xml/sax/SAXException
Event: 1.589 loading class org/xml/sax/SAXException done
Event: 1.589 loading class javax/xml/xpath/XPathExpressionException
Event: 1.589 loading class javax/xml/xpath/XPathException
Event: 1.590 loading class javax/xml/xpath/XPathException done
Event: 1.590 loading class javax/xml/xpath/XPathExpressionException done
Event: 1.590 loading class org/xml/sax/ErrorHandler
Event: 1.590 loading class org/xml/sax/ErrorHandler done


Dynamic libraries:
0x00007ff771260000 - 0x00007ff771270000 	C:\Program Files\Java\jdk-17\bin\java.exe
0x00007ffe3eb90000 - 0x00007ffe3eda7000 	C:\WINDOWS\SYSTEM32\ntdll.dll
0x00007ffe3d790000 - 0x00007ffe3d854000 	C:\WINDOWS\System32\KERNEL32.DLL
0x00007ffe3c280000 - 0x00007ffe3c627000 	C:\WINDOWS\System32\KERNELBASE.dll
0x00007ffe3c7a0000 - 0x00007ffe3c8b1000 	C:\WINDOWS\System32\ucrtbase.dll
0x00007ffe31300000 - 0x00007ffe3131b000 	C:\Program Files\Java\jdk-17\bin\VCRUNTIME140.dll
0x00007ffe37670000 - 0x00007ffe37689000 	C:\Program Files\Java\jdk-17\bin\jli.dll
0x00007ffe3d860000 - 0x00007ffe3d912000 	C:\WINDOWS\System32\ADVAPI32.dll
0x00007ffe3dff0000 - 0x00007ffe3e097000 	C:\WINDOWS\System32\msvcrt.dll
0x00007ffe3e2b0000 - 0x00007ffe3e358000 	C:\WINDOWS\System32\sechost.dll
0x00007ffe3c000000 - 0x00007ffe3c028000 	C:\WINDOWS\System32\bcrypt.dll
0x00007ffe3e190000 - 0x00007ffe3e2a5000 	C:\WINDOWS\System32\RPCRT4.dll
0x00007ffe3de40000 - 0x00007ffe3dfee000 	C:\WINDOWS\System32\USER32.dll
0x00007ffe3beb0000 - 0x00007ffe3bed6000 	C:\WINDOWS\System32\win32u.dll
0x00007ffe2b080000 - 0x00007ffe2b313000 	C:\WINDOWS\WinSxS\amd64_microsoft.windows.common-controls_6595b64144ccf1df_6.0.22621.3527_none_270e469b73872a76\COMCTL32.dll
0x00007ffe3d930000 - 0x00007ffe3d959000 	C:\WINDOWS\System32\GDI32.dll
0x00007ffe3bee0000 - 0x00007ffe3bff9000 	C:\WINDOWS\System32\gdi32full.dll
0x00007ffe3c0a0000 - 0x00007ffe3c13a000 	C:\WINDOWS\System32\msvcp_win.dll
0x00007ffe33d30000 - 0x00007ffe33d3a000 	C:\WINDOWS\SYSTEM32\VERSION.dll
0x00007ffe3d730000 - 0x00007ffe3d761000 	C:\WINDOWS\System32\IMM32.DLL
0x00007ffe37660000 - 0x00007ffe3766c000 	C:\Program Files\Java\jdk-17\bin\vcruntime140_1.dll
0x00007ffdd1690000 - 0x00007ffdd171e000 	C:\Program Files\Java\jdk-17\bin\msvcp140.dll
0x00007ffd198a0000 - 0x00007ffd1a480000 	C:\Program Files\Java\jdk-17\bin\server\jvm.dll
0x00007ffe3ea40000 - 0x00007ffe3ea48000 	C:\WINDOWS\System32\PSAPI.DLL
0x00007ffe33cf0000 - 0x00007ffe33d24000 	C:\WINDOWS\SYSTEM32\WINMM.dll
0x00007ffdbbbb0000 - 0x00007ffdbbbb9000 	C:\WINDOWS\SYSTEM32\WSOCK32.dll
0x00007ffe3e790000 - 0x00007ffe3e801000 	C:\WINDOWS\System32\WS2_32.dll
0x00007ffe3af80000 - 0x00007ffe3af98000 	C:\WINDOWS\SYSTEM32\kernel.appcore.dll
0x00007ffe311c0000 - 0x00007ffe311ca000 	C:\Program Files\Java\jdk-17\bin\jimage.dll
0x00007ffe39260000 - 0x00007ffe39492000 	C:\WINDOWS\SYSTEM32\DBGHELP.DLL
0x00007ffe3dab0000 - 0x00007ffe3de38000 	C:\WINDOWS\System32\combase.dll
0x00007ffe3e0b0000 - 0x00007ffe3e187000 	C:\WINDOWS\System32\OLEAUT32.dll
0x00007ffdf0dc0000 - 0x00007ffdf0df2000 	C:\WINDOWS\SYSTEM32\dbgcore.DLL
0x00007ffe3c140000 - 0x00007ffe3c1b9000 	C:\WINDOWS\System32\bcryptPrimitives.dll
0x00007ffdef650000 - 0x00007ffdef65e000 	C:\Program Files\Java\jdk-17\bin\instrument.dll
0x00007ffe14aa0000 - 0x00007ffe14ac5000 	C:\Program Files\Java\jdk-17\bin\java.dll
0x00007ffd79160000 - 0x00007ffd79237000 	C:\Program Files\Java\jdk-17\bin\jsvml.dll
0x00007ffe3c970000 - 0x00007ffe3d1cc000 	C:\WINDOWS\System32\SHELL32.dll
0x00007ffe39db0000 - 0x00007ffe3a6a6000 	C:\WINDOWS\SYSTEM32\windows.storage.dll
0x00007ffe39c70000 - 0x00007ffe39dae000 	C:\WINDOWS\SYSTEM32\wintypes.dll
0x00007ffe3ea50000 - 0x00007ffe3eb45000 	C:\WINDOWS\System32\SHCORE.dll
0x00007ffe3e360000 - 0x00007ffe3e3be000 	C:\WINDOWS\System32\shlwapi.dll
0x00007ffe3bde0000 - 0x00007ffe3be01000 	C:\WINDOWS\SYSTEM32\profapi.dll
0x00007ffde9e70000 - 0x00007ffde9e88000 	C:\Program Files\Java\jdk-17\bin\zip.dll
0x00007ffe14b20000 - 0x00007ffe14b39000 	C:\Program Files\Java\jdk-17\bin\net.dll
0x00007ffe332c0000 - 0x00007ffe333f6000 	C:\WINDOWS\SYSTEM32\WINHTTP.dll
0x00007ffe3b3f0000 - 0x00007ffe3b459000 	C:\WINDOWS\system32\mswsock.dll
0x00007ffe14a80000 - 0x00007ffe14a96000 	C:\Program Files\Java\jdk-17\bin\nio.dll
0x00007ffe2aa90000 - 0x00007ffe2aaa0000 	C:\Program Files\Java\jdk-17\bin\verify.dll
0x00007ffdd19e0000 - 0x00007ffdd1a07000 	C:\Users\Dave Christian Thio\.gradle\native\c067742578af261105cb4f569cf0c3c89f3d7b1fecec35dd04571415982c5e48\windows-amd64\native-platform.dll
0x00007ffdb2830000 - 0x00007ffdb2974000 	C:\Users\Dave Christian Thio\.gradle\native\38dada09dfb8b06ba9b0570ebf7e218e3eb74d4ef43ca46872605cf95ebc2f47\windows-amd64\native-platform-file-events.dll
0x00007ffe14880000 - 0x00007ffe1488a000 	C:\Program Files\Java\jdk-17\bin\management.dll
0x00007ffe127b0000 - 0x00007ffe127bb000 	C:\Program Files\Java\jdk-17\bin\management_ext.dll
0x00007ffe3b670000 - 0x00007ffe3b68b000 	C:\WINDOWS\SYSTEM32\CRYPTSP.dll
0x00007ffe3aee0000 - 0x00007ffe3af15000 	C:\WINDOWS\system32\rsaenh.dll
0x00007ffe3b4d0000 - 0x00007ffe3b4f8000 	C:\WINDOWS\SYSTEM32\USERENV.dll
0x00007ffe3b690000 - 0x00007ffe3b69c000 	C:\WINDOWS\SYSTEM32\CRYPTBASE.dll
0x00007ffe3a970000 - 0x00007ffe3a99d000 	C:\WINDOWS\SYSTEM32\IPHLPAPI.DLL
0x00007ffe3e0a0000 - 0x00007ffe3e0a9000 	C:\WINDOWS\System32\NSI.dll
0x00007ffe33d40000 - 0x00007ffe33d59000 	C:\WINDOWS\SYSTEM32\dhcpcsvc6.DLL
0x00007ffe33cd0000 - 0x00007ffe33cef000 	C:\WINDOWS\SYSTEM32\dhcpcsvc.DLL
0x00007ffe3a9a0000 - 0x00007ffe3aa98000 	C:\WINDOWS\SYSTEM32\DNSAPI.dll
0x00007ffdef5b0000 - 0x00007ffdef5be000 	C:\Program Files\Java\jdk-17\bin\sunmscapi.dll
0x00007ffe3c630000 - 0x00007ffe3c798000 	C:\WINDOWS\System32\CRYPT32.dll
0x00007ffe3b830000 - 0x00007ffe3b85e000 	C:\WINDOWS\SYSTEM32\ncrypt.dll
0x00007ffe3b7f0000 - 0x00007ffe3b827000 	C:\WINDOWS\SYSTEM32\NTASN1.dll
0x00007ffde80b0000 - 0x00007ffde80b8000 	C:\WINDOWS\system32\wshunix.dll

dbghelp: loaded successfully - version: 4.0.5 - missing functions: none
symbol engine: initialized successfully - sym options: 0x614 - pdb path: .;C:\Program Files\Java\jdk-17\bin;C:\WINDOWS\SYSTEM32;C:\WINDOWS\WinSxS\amd64_microsoft.windows.common-controls_6595b64144ccf1df_6.0.22621.3527_none_270e469b73872a76;C:\Program Files\Java\jdk-17\bin\server;C:\Users\Dave Christian Thio\.gradle\native\c067742578af261105cb4f569cf0c3c89f3d7b1fecec35dd04571415982c5e48\windows-amd64;C:\Users\Dave Christian Thio\.gradle\native\38dada09dfb8b06ba9b0570ebf7e218e3eb74d4ef43ca46872605cf95ebc2f47\windows-amd64

VM Arguments:
jvm_args: -XX:MaxMetaspaceSize=512m --add-opens=java.base/java.util=ALL-UNNAMED --add-opens=java.base/java.lang=ALL-UNNAMED --add-opens=java.base/java.lang.invoke=ALL-UNNAMED --add-opens=java.prefs/java.util.prefs=ALL-UNNAMED --add-opens=java.base/java.nio.charset=ALL-UNNAMED --add-opens=java.base/java.net=ALL-UNNAMED --add-opens=java.base/java.util.concurrent.atomic=ALL-UNNAMED -Xmx2048m -Dfile.encoding=windows-1252 -Duser.country=US -Duser.language=en -Duser.variant -javaagent:C:\Users\Dave Christian Thio\.gradle\wrapper\dists\gradle-8.5-all\3zlzzgtsutfj0pbojr50n2l7z\gradle-8.5\lib\agents\gradle-instrumentation-agent-8.5.jar 
java_command: org.gradle.launcher.daemon.bootstrap.GradleDaemon 8.5
java_class_path (initial): C:\Users\Dave Christian Thio\.gradle\wrapper\dists\gradle-8.5-all\3zlzzgtsutfj0pbojr50n2l7z\gradle-8.5\lib\gradle-launcher-8.5.jar
Launcher Type: SUN_STANDARD

[Global flags]
     intx CICompilerCount                          = 12                                        {product} {ergonomic}
   size_t CompressedClassSpaceSize                 = 436207616                                 {product} {ergonomic}
     uint ConcGCThreads                            = 4                                         {product} {ergonomic}
     uint G1ConcRefinementThreads                  = 15                                        {product} {ergonomic}
   size_t G1HeapRegionSize                         = 1048576                                   {product} {ergonomic}
    uintx GCDrainStackTargetSize                   = 64                                        {product} {ergonomic}
   size_t InitialHeapSize                          = 264241152                                 {product} {ergonomic}
   size_t MarkStackSize                            = 4194304                                   {product} {ergonomic}
   size_t MaxHeapSize                              = 2147483648                                {product} {command line}
   size_t MaxMetaspaceSize                         = 536870912                                 {product} {command line}
   size_t MaxNewSize                               = 1287651328                                {product} {ergonomic}
   size_t MinHeapDeltaBytes                        = 1048576                                   {product} {ergonomic}
   size_t MinHeapSize                              = 8388608                                   {product} {ergonomic}
    uintx NonNMethodCodeHeapSize                   = 7602480                                {pd product} {ergonomic}
    uintx NonProfiledCodeHeapSize                  = 122027880                              {pd product} {ergonomic}
    uintx ProfiledCodeHeapSize                     = 122027880                              {pd product} {ergonomic}
    uintx ReservedCodeCacheSize                    = 251658240                              {pd product} {ergonomic}
     bool SegmentedCodeCache                       = true                                      {product} {ergonomic}
   size_t SoftMaxHeapSize                          = 2147483648                             {manageable} {ergonomic}
     bool UseCompressedClassPointers               = true                           {product lp64_product} {ergonomic}
     bool UseCompressedOops                        = true                           {product lp64_product} {ergonomic}
     bool UseG1GC                                  = true                                      {product} {ergonomic}
     bool UseLargePagesIndividualAllocation        = false                                  {pd product} {ergonomic}

Logging:
Log output configuration:
 #0: stdout all=warning uptime,level,tags
 #1: stderr all=off uptime,level,tags

Environment Variables:
CLASSPATH=D:\BINUS\Beasiswa atau Lomba\Seleksi AI Microsoft 2024\Beeraile\android\\gradle\wrapper\gradle-wrapper.jar
PATH=D:\BINUS\Beasiswa atau Lomba\Seleksi AI Microsoft 2024\Beeraile\node_modules\.bin;D:\BINUS\Beasiswa atau Lomba\Seleksi AI Microsoft 2024\node_modules\.bin;D:\BINUS\Beasiswa atau Lomba\node_modules\.bin;D:\BINUS\node_modules\.bin;D:\node_modules\.bin;C:\Users\Dave Christian Thio\AppData\Roaming\npm\node_modules\npm\node_modules\@npmcli\run-script\lib\node-gyp-bin;C:\Program Files\Common Files\Oracle\Java\javapath;C:\Windows\system32;C:\Windows;C:\Windows\System32\Wbem;C:\Windows\System32\WindowsPowerShell\v1.0\;C:\Windows\System32\OpenSSH\;C:\Program Files (x86)\NVIDIA Corporation\PhysX\Common;C:\Program Files\NVIDIA Corporation\NVIDIA NvDLISR;C:\Program Files\Microsoft VS Code\bin;C:\Program Files\Azure Data Studio\bin;C:\Program Files\Microsoft SQL Server\Client SDK\ODBC\170\Tools\Binn\;C:\Program Files (x86)\Microsoft SQL Server\150\Tools\Binn\;C:\Program Files\Microsoft SQL Server\150\Tools\Binn\;C:\Program Files\Microsoft SQL Server\150\DTS\Binn\;C:\Program Files (x86)\Microsoft SQL Server\150\DTS\Binn\;C:\xampp\php;C:\ProgramData\ComposerSetup\bin;C:\Program Files\dotnet\;C:\WINDOWS\system32;C:\WINDOWS;C:\WINDOWS\System32\Wbem;C:\WINDOWS\System32\WindowsPowerShell\v1.0\;C:\WINDOWS\System32\OpenSSH\;C:\Program Files\Go\bin;C:\Program Files\MySQL\MySQL Server 8.0\bin;C:\Program Files\nodejs\;C:\Program Files\Git\cmd;C:\Program Files\Microsoft SQL Server\130\DTS\Binn\;C:\Program Files\Microsoft SQL Server\140\DTS\Binn\;C:\Program Files\Microsoft SQL Server\160\DTS\Binn\;C:\Program Files\Microsoft SQL Server\130\Tools\Binn\;C:\Program Files (x86)\Microsoft SQL Server\110\DTS\Binn\;C:\Program Files (x86)\Microsoft SQL Server\120\DTS\Binn\;C:\Program Files (x86)\Microsoft SQL Server\130\DTS\Binn\;C:\Program Files (x86)\Microsoft SQL Server\140\DTS\Binn\;C:\Program Files (x86)\Microsoft SQL Server\160\DTS\Binn\;C:\Gradle\gradle-8.5\bin;C:\Program Files (x86)\Google\Cloud SDK\google-cloud-sdk\bin;C:\Program Files (x86)\Google\Cloud SDK\google-cloud-sdk\bin;C:\Program
USERNAME=Dave Christian Thio
LANG=en_US.UTF-8
OS=Windows_NT
PROCESSOR_IDENTIFIER=Intel64 Family 6 Model 154 Stepping 3, GenuineIntel



---------------  S Y S T E M  ---------------

OS:
 Windows 11 , 64 bit Build 22621 (10.0.22621.3527)
OS uptime: 0 days 4:08 hours
Hyper-V role detected

CPU: total 20 (initial active 20) (10 cores per cpu, 2 threads per core) family 6 model 154 stepping 3 microcode 0x413, cx8, cmov, fxsr, ht, mmx, 3dnowpref, sse, sse2, sse3, ssse3, sse4.1, sse4.2, popcnt, lzcnt, tsc, tscinvbit, avx, avx2, aes, erms, clmul, bmi1, bmi2, adx, sha, fma, vzeroupper, clflush, clflushopt, clwb, hv

Memory: 4k page, system-wide physical 16108M (278M free)
TotalPageFile size 33792M (AvailPageFile size 4M)
current process WorkingSet (physical memory assigned to process): 232M, peak: 232M
current process commit charge ("private bytes"): 442M, peak: 443M

vm_info: Java HotSpot(TM) 64-Bit Server VM (17.0.11+7-LTS-207) for windows-amd64 JRE (17.0.11+7-LTS-207), built on Mar 11 2024 19:01:50 by "mach5one" with MS VC++ 17.6 (VS2022)

END.
