#
# There is insufficient memory for the Java Runtime Environment to continue.
# Native memory allocation (mmap) failed to map 264241152 bytes for G1 virtual space
# Possible reasons:
#   The system is out of physical RAM or swap space
#   The process is running with CompressedOops enabled, and the Java Heap may be blocking the growth of the native heap
# Possible solutions:
#   Reduce memory load on the system
#   Increase physical memory or swap space
#   Check if swap backing store is full
#   Decrease Java heap size (-Xmx/-Xms)
#   Decrease number of Java threads
#   Decrease Java thread stack sizes (-Xss)
#   Set larger code cache with -XX:ReservedCodeCacheSize=
#   JVM is running with Zero Based Compressed Oops mode in which the Java heap is
#     placed in the first 32GB address space. The Java Heap base address is the
#     maximum limit for the native heap growth. Please use -XX:HeapBaseMinAddress
#     to set the Java Heap base and to place the Java Heap above 32GB virtual address.
# This output file may be truncated or incomplete.
#
#  Out of Memory Error (os_windows.cpp:3548), pid=4860, tid=32464
#
# JRE version:  (17.0.11+7) (build )
# Java VM: Java HotSpot(TM) 64-Bit Server VM (17.0.11+7-LTS-207, mixed mode, sharing, tiered, compressed oops, compressed class ptrs, g1 gc, windows-amd64)
# No core dump will be written. Minidumps are not enabled by default on client versions of Windows
#

---------------  S U M M A R Y ------------

Command Line: org.jetbrains.kotlin.cli.jvm.K2JVMCompiler @D:\BINUS\Beasiswa atau Lomba\Seleksi AI Microsoft 2024\Beeraile\node_modules\react-native-safe-area-context\android\build\20240523_13571487904967915208.compiler.options

Host: 12th Gen Intel(R) Core(TM) i7-12700H, 20 cores, 15G,  Windows 11 , 64 bit Build 22621 (10.0.22621.3527)
Time: Thu May 23 21:58:25 2024 SE Asia Standard Time elapsed time: 0.014067 seconds (0d 0h 0m 0s)

---------------  T H R E A D  ---------------

Current thread (0x0000019cf8b3c730):  JavaThread "Unknown thread" [_thread_in_vm, id=32464, stack(0x0000002680a00000,0x0000002680b00000)]

Stack: [0x0000002680a00000,0x0000002680b00000]
Native frames: (J=compiled Java code, j=interpreted, Vv=VM code, C=native code)
V  [jvm.dll+0x679cca]
V  [jvm.dll+0x7da13d]
V  [jvm.dll+0x7dba83]
V  [jvm.dll+0x7dc0f3]
V  [jvm.dll+0x2449af]
V  [jvm.dll+0x676ce9]
V  [jvm.dll+0x66b852]
V  [jvm.dll+0x3018d6]
V  [jvm.dll+0x308e76]
V  [jvm.dll+0x3596ee]
V  [jvm.dll+0x35991f]
V  [jvm.dll+0x2d89a8]
V  [jvm.dll+0x2d9914]
V  [jvm.dll+0x7ac6b1]
V  [jvm.dll+0x366f61]
V  [jvm.dll+0x78b609]
V  [jvm.dll+0x3ec22f]
V  [jvm.dll+0x3ede61]
C  [jli.dll+0x5297]
C  [ucrtbase.dll+0x29333]
C  [KERNEL32.DLL+0x1257d]
C  [ntdll.dll+0x5aa48]


---------------  P R O C E S S  ---------------

Threads class SMR info:
_java_thread_list=0x00007ffd1a357a18, length=0, elements={
}

Java Threads: ( => current thread )

Other Threads:
  0x0000019cf8ba6530 GCTaskThread "GC Thread#0" [stack: 0x0000002680b00000,0x0000002680c00000] [id=12988]
  0x0000019cf8bb6f50 ConcurrentGCThread "G1 Main Marker" [stack: 0x0000002680c00000,0x0000002680d00000] [id=14820]
  0x0000019cf8bb7870 ConcurrentGCThread "G1 Conc#0" [stack: 0x0000002680d00000,0x0000002680e00000] [id=36352]

[error occurred during error reporting (printing all threads), id 0xc0000005, EXCEPTION_ACCESS_VIOLATION (0xc0000005) at pc=0x00007ffd19b89497]

VM state: not at safepoint (not fully initialized)

VM Mutex/Monitor currently owned by a thread:  ([mutex/lock_event])
[0x0000019cf8b366f0] Heap_lock - owner thread: 0x0000019cf8b3c730

Heap address: 0x0000000704400000, size: 4028 MB, Compressed Oops mode: Zero based, Oop shift amount: 3

CDS archive(s) mapped at: [0x0000000000000000-0x0000000000000000-0x0000000000000000), size 0, SharedBaseAddress: 0x0000000800000000, ArchiveRelocationMode: 1.
Narrow klass base: 0x0000000000000000, Narrow klass shift: 0, Narrow klass range: 0x0

GC Precious Log:
<Empty>

Heap:
 garbage-first heap   total 0K, used 0K [0x0000000704400000, 0x0000000800000000)
  region size 2048K, 0 young (0K), 0 survivors (0K)

[error occurred during error reporting (printing heap information), id 0xc0000005, EXCEPTION_ACCESS_VIOLATION (0xc0000005) at pc=0x00007ffd19f73559]

GC Heap History (0 events):
No events

Deoptimization events (0 events):
No events

Classes unloaded (0 events):
No events

Classes redefined (0 events):
No events

Internal exceptions (0 events):
No events

VM Operations (0 events):
No events

Events (1 events):
Event: 0.010 Loaded shared library C:\Program Files\Java\jdk-17\bin\java.dll


Dynamic libraries:
0x00007ff771260000 - 0x00007ff771270000 	C:\Program Files\Java\jdk-17\bin\java.exe
0x00007ffe3eb90000 - 0x00007ffe3eda7000 	C:\WINDOWS\SYSTEM32\ntdll.dll
0x00007ffe3d790000 - 0x00007ffe3d854000 	C:\WINDOWS\System32\KERNEL32.DLL
0x00007ffe3c280000 - 0x00007ffe3c627000 	C:\WINDOWS\System32\KERNELBASE.dll
0x00007ffe3c7a0000 - 0x00007ffe3c8b1000 	C:\WINDOWS\System32\ucrtbase.dll
0x00007ffe31300000 - 0x00007ffe3131b000 	C:\Program Files\Java\jdk-17\bin\VCRUNTIME140.dll
0x00007ffe37670000 - 0x00007ffe37689000 	C:\Program Files\Java\jdk-17\bin\jli.dll
0x00007ffe3d860000 - 0x00007ffe3d912000 	C:\WINDOWS\System32\ADVAPI32.dll
0x00007ffe3dff0000 - 0x00007ffe3e097000 	C:\WINDOWS\System32\msvcrt.dll
0x00007ffe3e2b0000 - 0x00007ffe3e358000 	C:\WINDOWS\System32\sechost.dll
0x00007ffe3c000000 - 0x00007ffe3c028000 	C:\WINDOWS\System32\bcrypt.dll
0x00007ffe3e190000 - 0x00007ffe3e2a5000 	C:\WINDOWS\System32\RPCRT4.dll
0x00007ffe3de40000 - 0x00007ffe3dfee000 	C:\WINDOWS\System32\USER32.dll
0x00007ffe3beb0000 - 0x00007ffe3bed6000 	C:\WINDOWS\System32\win32u.dll
0x00007ffe3d930000 - 0x00007ffe3d959000 	C:\WINDOWS\System32\GDI32.dll
0x00007ffe3bee0000 - 0x00007ffe3bff9000 	C:\WINDOWS\System32\gdi32full.dll
0x00007ffe2b080000 - 0x00007ffe2b313000 	C:\WINDOWS\WinSxS\amd64_microsoft.windows.common-controls_6595b64144ccf1df_6.0.22621.3527_none_270e469b73872a76\COMCTL32.dll
0x00007ffe3c0a0000 - 0x00007ffe3c13a000 	C:\WINDOWS\System32\msvcp_win.dll
0x00007ffe33d30000 - 0x00007ffe33d3a000 	C:\WINDOWS\SYSTEM32\VERSION.dll
0x00007ffe3d730000 - 0x00007ffe3d761000 	C:\WINDOWS\System32\IMM32.DLL
0x00007ffe37660000 - 0x00007ffe3766c000 	C:\Program Files\Java\jdk-17\bin\vcruntime140_1.dll
0x00007ffdd1690000 - 0x00007ffdd171e000 	C:\Program Files\Java\jdk-17\bin\msvcp140.dll
0x00007ffd198a0000 - 0x00007ffd1a480000 	C:\Program Files\Java\jdk-17\bin\server\jvm.dll
0x00007ffe3ea40000 - 0x00007ffe3ea48000 	C:\WINDOWS\System32\PSAPI.DLL
0x00007ffdbbbb0000 - 0x00007ffdbbbb9000 	C:\WINDOWS\SYSTEM32\WSOCK32.dll
0x00007ffe3e790000 - 0x00007ffe3e801000 	C:\WINDOWS\System32\WS2_32.dll
0x00007ffe33cf0000 - 0x00007ffe33d24000 	C:\WINDOWS\SYSTEM32\WINMM.dll
0x00007ffe3af80000 - 0x00007ffe3af98000 	C:\WINDOWS\SYSTEM32\kernel.appcore.dll
0x00007ffe311c0000 - 0x00007ffe311ca000 	C:\Program Files\Java\jdk-17\bin\jimage.dll
0x00007ffe39260000 - 0x00007ffe39492000 	C:\WINDOWS\SYSTEM32\DBGHELP.DLL
0x00007ffe3dab0000 - 0x00007ffe3de38000 	C:\WINDOWS\System32\combase.dll
0x00007ffe3e0b0000 - 0x00007ffe3e187000 	C:\WINDOWS\System32\OLEAUT32.dll
0x00007ffdf0dc0000 - 0x00007ffdf0df2000 	C:\WINDOWS\SYSTEM32\dbgcore.DLL
0x00007ffe3c140000 - 0x00007ffe3c1b9000 	C:\WINDOWS\System32\bcryptPrimitives.dll
0x00007ffe14aa0000 - 0x00007ffe14ac5000 	C:\Program Files\Java\jdk-17\bin\java.dll

dbghelp: loaded successfully - version: 4.0.5 - missing functions: none
symbol engine: initialized successfully - sym options: 0x614 - pdb path: .;C:\Program Files\Java\jdk-17\bin;C:\WINDOWS\SYSTEM32;C:\WINDOWS\WinSxS\amd64_microsoft.windows.common-controls_6595b64144ccf1df_6.0.22621.3527_none_270e469b73872a76;C:\Program Files\Java\jdk-17\bin\server

VM Arguments:
java_command: org.jetbrains.kotlin.cli.jvm.K2JVMCompiler @D:\BINUS\Beasiswa atau Lomba\Seleksi AI Microsoft 2024\Beeraile\node_modules\react-native-safe-area-context\android\build\20240523_13571487904967915208.compiler.options
java_class_path (initial): C:\Users\Dave Christian Thio\.gradle\caches\modules-2\files-2.1\org.jetbrains.kotlin\kotlin-compiler-embeddable\1.9.22\9cd4dc7773cf2a99ecd961a88fbbc9a2da3fb5e1\kotlin-compiler-embeddable-1.9.22.jar;C:\Users\Dave Christian Thio\.gradle\caches\modules-2\files-2.1\org.jetbrains.kotlin\kotlin-stdlib\1.9.22\d6c44cd08d8f3f9bece8101216dbe6553365c6e3\kotlin-stdlib-1.9.22.jar;C:\Users\Dave Christian Thio\.gradle\caches\modules-2\files-2.1\org.jetbrains.kotlin\kotlin-script-runtime\1.9.22\f8139a46fc677ec9badc49ae954392f4f5e7e7c7\kotlin-script-runtime-1.9.22.jar;C:\Users\Dave Christian Thio\.gradle\caches\modules-2\files-2.1\org.jetbrains.kotlin\kotlin-reflect\1.6.10\1cbe9c92c12a94eea200d23c2bbaedaf3daf5132\kotlin-reflect-1.6.10.jar;C:\Users\Dave Christian Thio\.gradle\caches\modules-2\files-2.1\org.jetbrains.kotlin\kotlin-daemon-embeddable\1.9.22\20e2c5df715f3240c765cfc222530e2796542021\kotlin-daemon-embeddable-1.9.22.jar;C:\Users\Dave Christian Thio\.gradle\caches\modules-2\files-2.1\org.jetbrains.intellij.deps\trove4j\1.0.20200330\3afb14d5f9ceb459d724e907a21145e8ff394f02\trove4j-1.0.20200330.jar;C:\Users\Dave Christian Thio\.gradle\caches\modules-2\files-2.1\org.jetbrains\annotations\13.0\919f0dfe192fb4e063e7dacadee7f8bb9a2672a9\annotations-13.0.jar
Launcher Type: SUN_STANDARD

[Global flags]
     intx CICompilerCount                          = 12                                        {product} {ergonomic}
     uint ConcGCThreads                            = 4                                         {product} {ergonomic}
     uint G1ConcRefinementThreads                  = 15                                        {product} {ergonomic}
   size_t G1HeapRegionSize                         = 2097152                                   {product} {ergonomic}
    uintx GCDrainStackTargetSize                   = 64                                        {product} {ergonomic}
   size_t InitialHeapSize                          = 264241152                                 {product} {ergonomic}
   size_t MarkStackSize                            = 4194304                                   {product} {ergonomic}
   size_t MaxHeapSize                              = 4223664128                                {product} {ergonomic}
   size_t MinHeapDeltaBytes                        = 2097152                                   {product} {ergonomic}
   size_t MinHeapSize                              = 8388608                                   {product} {ergonomic}
    uintx NonNMethodCodeHeapSize                   = 7602480                                {pd product} {ergonomic}
    uintx NonProfiledCodeHeapSize                  = 122027880                              {pd product} {ergonomic}
    uintx ProfiledCodeHeapSize                     = 122027880                              {pd product} {ergonomic}
    uintx ReservedCodeCacheSize                    = 251658240                              {pd product} {ergonomic}
     bool SegmentedCodeCache                       = true                                      {product} {ergonomic}
   size_t SoftMaxHeapSize                          = 4223664128                             {manageable} {ergonomic}
     bool UseCompressedClassPointers               = true                           {product lp64_product} {ergonomic}
     bool UseCompressedOops                        = true                           {product lp64_product} {ergonomic}
     bool UseG1GC                                  = true                                      {product} {ergonomic}
     bool UseLargePagesIndividualAllocation        = false                                  {pd product} {ergonomic}

Logging:
Log output configuration:
 #0: stdout all=warning uptime,level,tags
 #1: stderr all=off uptime,level,tags

Environment Variables:
CLASSPATH=D:\BINUS\Beasiswa atau Lomba\Seleksi AI Microsoft 2024\Beeraile\android\\gradle\wrapper\gradle-wrapper.jar
PATH=D:\BINUS\Beasiswa atau Lomba\Seleksi AI Microsoft 2024\Beeraile\node_modules\.bin;D:\BINUS\Beasiswa atau Lomba\Seleksi AI Microsoft 2024\node_modules\.bin;D:\BINUS\Beasiswa atau Lomba\node_modules\.bin;D:\BINUS\node_modules\.bin;D:\node_modules\.bin;C:\Users\Dave Christian Thio\AppData\Roaming\npm\node_modules\npm\node_modules\@npmcli\run-script\lib\node-gyp-bin;C:\Program Files\Common Files\Oracle\Java\javapath;C:\Windows\system32;C:\Windows;C:\Windows\System32\Wbem;C:\Windows\System32\WindowsPowerShell\v1.0\;C:\Windows\System32\OpenSSH\;C:\Program Files (x86)\NVIDIA Corporation\PhysX\Common;C:\Program Files\NVIDIA Corporation\NVIDIA NvDLISR;C:\Program Files\Microsoft VS Code\bin;C:\Program Files\Azure Data Studio\bin;C:\Program Files\Microsoft SQL Server\Client SDK\ODBC\170\Tools\Binn\;C:\Program Files (x86)\Microsoft SQL Server\150\Tools\Binn\;C:\Program Files\Microsoft SQL Server\150\Tools\Binn\;C:\Program Files\Microsoft SQL Server\150\DTS\Binn\;C:\Program Files (x86)\Microsoft SQL Server\150\DTS\Binn\;C:\xampp\php;C:\ProgramData\ComposerSetup\bin;C:\Program Files\dotnet\;C:\WINDOWS\system32;C:\WINDOWS;C:\WINDOWS\System32\Wbem;C:\WINDOWS\System32\WindowsPowerShell\v1.0\;C:\WINDOWS\System32\OpenSSH\;C:\Program Files\Go\bin;C:\Program Files\MySQL\MySQL Server 8.0\bin;C:\Program Files\nodejs\;C:\Program Files\Git\cmd;C:\Program Files\Microsoft SQL Server\130\DTS\Binn\;C:\Program Files\Microsoft SQL Server\140\DTS\Binn\;C:\Program Files\Microsoft SQL Server\160\DTS\Binn\;C:\Program Files\Microsoft SQL Server\130\Tools\Binn\;C:\Program Files (x86)\Microsoft SQL Server\110\DTS\Binn\;C:\Program Files (x86)\Microsoft SQL Server\120\DTS\Binn\;C:\Program Files (x86)\Microsoft SQL Server\130\DTS\Binn\;C:\Program Files (x86)\Microsoft SQL Server\140\DTS\Binn\;C:\Program Files (x86)\Microsoft SQL Server\160\DTS\Binn\;C:\Gradle\gradle-8.5\bin;C:\Program Files (x86)\Google\Cloud SDK\google-cloud-sdk\bin;C:\Program Files (x86)\Google\Cloud SDK\google-cloud-sdk\bin;C:\Program
USERNAME=Dave Christian Thio
LANG=en_US.UTF-8
OS=Windows_NT
PROCESSOR_IDENTIFIER=Intel64 Family 6 Model 154 Stepping 3, GenuineIntel



---------------  S Y S T E M  ---------------

OS:
 Windows 11 , 64 bit Build 22621 (10.0.22621.3527)
OS uptime: 0 days 4:06 hours
Hyper-V role detected

CPU: total 20 (initial active 20) (10 cores per cpu, 2 threads per core) family 6 model 154 stepping 3 microcode 0x413, cx8, cmov, fxsr, ht, mmx, 3dnowpref, sse, sse2, sse3, ssse3, sse4.1, sse4.2, popcnt, lzcnt, tsc, tscinvbit, avx, avx2, aes, erms, clmul, bmi1, bmi2, adx, sha, fma, vzeroupper, clflush, clflushopt, clwb, hv

Memory: 4k page, system-wide physical 16108M (787M free)
TotalPageFile size 33792M (AvailPageFile size 98M)
current process WorkingSet (physical memory assigned to process): 11M, peak: 11M
current process commit charge ("private bytes"): 75M, peak: 327M

vm_info: Java HotSpot(TM) 64-Bit Server VM (17.0.11+7-LTS-207) for windows-amd64 JRE (17.0.11+7-LTS-207), built on Mar 11 2024 19:01:50 by "mach5one" with MS VC++ 17.6 (VS2022)

END.
